2022-03-28 11:49:21,252 - bwpdataset - INFO - ==>[Start] cached file create: ../../korpora/kowiki_20190620/cached_lm_BertTokenizer_128_wiki_20190620_small.txt
2022-03-28 11:49:21,345 - bwpdataset - INFO - <==[End] Saving features into cached file ../../korpora/kowiki_20190620/cached_lm_BertTokenizer_128_wiki_20190620_small.txt [took 0.091 s]
2022-03-28 11:51:41,513 - bwpdataset - INFO - ==>[Start] cached file create: ../../korpora/kowiki_20190620/cached_lm_BertTokenizer_128_wiki_20190620_small.txt
2022-03-28 11:51:41,615 - bwpdataset - INFO - <==[End] Saving features into cached file ../../korpora/kowiki_20190620/cached_lm_BertTokenizer_128_wiki_20190620_small.txt [took 0.101 s]
2022-03-28 11:54:34,647 - bwpdataset - INFO - ==>[Start] cached file create: ../../korpora/kowiki_20190620/cached_lm_BertTokenizer_128_wiki_20190620_small.txt
2022-03-28 11:54:34,748 - bwpdataset - INFO - <==[End] Saving features into cached file ../../korpora/kowiki_20190620/cached_lm_BertTokenizer_128_wiki_20190620_small.txt [took 0.099 s]
2022-03-28 13:32:58,571 - bwpdataset - INFO - ==>[Start] cached file create: ../../korpora/kowiki_20190620/cached_lm_BertTokenizer_128_wiki_20190620_small.txt
2022-03-28 13:32:58,676 - bwpdataset - INFO - <==[End] Saving features into cached file ../../korpora/kowiki_20190620/cached_lm_BertTokenizer_128_wiki_20190620_small.txt [took 0.103 s]
2022-03-28 16:56:02,453 - bwpdataset - INFO - ==>[Start] cached file create: ../../korpora/kowiki_20190620/cached_lm_BertTokenizer_128_wiki_20190620_small.txt
2022-03-28 16:56:02,549 - bwpdataset - INFO - <==[End] Saving features into cached file ../../korpora/kowiki_20190620/cached_lm_BertTokenizer_128_wiki_20190620_small.txt [took 0.095 s]
2022-03-28 16:57:18,409 - bwpdataset - INFO - ==>[Start] cached file create: ../../korpora/kowiki_20190620/cached_lm_BertTokenizer_128_wiki_20190620_small.txt
2022-03-28 16:57:18,505 - bwpdataset - INFO - <==[End] Saving features into cached file ../../korpora/kowiki_20190620/cached_lm_BertTokenizer_128_wiki_20190620_small.txt [took 0.093 s]
2022-03-28 17:05:39,211 - bwpdataset - INFO - ==>[Start] cached file create: ../../korpora/kowiki_20190620/cached_lm_BertTokenizer_128_wiki_20190620_small.txt
2022-03-28 17:05:39,308 - bwpdataset - INFO - <==[End] Saving features into cached file ../../korpora/kowiki_20190620/cached_lm_BertTokenizer_128_wiki_20190620_small.txt [took 0.096 s]
2022-03-28 17:26:58,667 - bwpdataset - INFO - Loading features from cached file ../../korpora/nsmc/cached_BertTokenizer_128_ratings_test.txt [took 2.163 s]
2022-03-28 17:32:51,384 - bwpdataset - INFO - Loading features from cached file ../../korpora/nsmc/cached_BertTokenizer_128_ratings_test.txt [took 1.986 s]
2022-03-28 17:45:21,560 - bwpdataset - INFO - Loading features from cached file ../../korpora/nsmc/cached_BertTokenizer_128_ratings_test.txt [took 1.991 s]
2022-03-28 18:01:48,918 - bwpdataset - INFO - Loading features from cached file ../../korpora/nsmc/cached_BertTokenizer_128_ratings_test.txt [took 1.952 s]
2022-03-28 19:29:46,402 - bwpdataset - INFO - Loading features from cached file ../../korpora/klue-nli/cached_BertTokenizer_128_klue-nli-v1.1_train.json [took 1.125 s]
2022-03-28 20:56:05,316 - bwpdataset - INFO - Loading features from cached file ../../korpora/klue-nli/cached_BertTokenizer_128_klue-nli-v1.1_train.json [took 1.085 s]
2022-03-28 21:45:06,386 - bwpdataset - INFO - Loading features from cached file ../../korpora/klue-nli/cached_BertTokenizer_128_klue-nli-v1.1_train.json [took 1.075 s]
2022-03-28 21:45:06,484 - bwpdataset - INFO - Loading features from cached file ../../korpora/klue-nli/cached_BertTokenizer_128_klue-nli-v1.1_dev.json [took 0.097 s]
