2022-03-28 11:55:40,603 - state_dict - INFO - [Epoch 1/5] Iteration 300 -> Train Loss: 133613.7062
2022-03-28 11:56:40,627 - state_dict - INFO - [Epoch 1/5] Iteration 600 -> Train Loss: 51432.8102
2022-03-28 11:57:41,873 - state_dict - INFO - [Epoch 1/5] Iteration 900 -> Train Loss: 42866.9767
2022-03-28 11:58:42,155 - state_dict - INFO - [Epoch 1/5] Iteration 1200 -> Train Loss: 39327.3963
2022-03-28 11:59:43,022 - state_dict - INFO - [Epoch 2/5] Iteration 1500 -> Train Loss: 35144.4891
2022-03-28 12:00:43,233 - state_dict - INFO - [Epoch 2/5] Iteration 1800 -> Train Loss: 32945.3291
2022-03-28 12:01:43,980 - state_dict - INFO - [Epoch 2/5] Iteration 2100 -> Train Loss: 33243.9069
2022-03-28 12:02:44,291 - state_dict - INFO - [Epoch 2/5] Iteration 2400 -> Train Loss: 31093.2144
2022-03-28 12:03:45,316 - state_dict - INFO - [Epoch 3/5] Iteration 2700 -> Train Loss: 28686.3536
2022-03-28 12:04:45,583 - state_dict - INFO - [Epoch 3/5] Iteration 3000 -> Train Loss: 28659.8511
2022-03-28 12:05:45,923 - state_dict - INFO - [Epoch 3/5] Iteration 3300 -> Train Loss: 28190.9772
2022-03-28 12:06:46,286 - state_dict - INFO - [Epoch 3/5] Iteration 3600 -> Train Loss: 27673.3115
2022-03-28 12:07:47,154 - state_dict - INFO - [Epoch 4/5] Iteration 3900 -> Train Loss: 26582.1691
2022-03-28 12:08:47,475 - state_dict - INFO - [Epoch 4/5] Iteration 4200 -> Train Loss: 25740.9660
2022-03-28 12:09:47,796 - state_dict - INFO - [Epoch 4/5] Iteration 4500 -> Train Loss: 25949.5964
2022-03-28 12:10:48,078 - state_dict - INFO - [Epoch 4/5] Iteration 4800 -> Train Loss: 25861.7919
2022-03-28 12:11:50,009 - state_dict - INFO - [Epoch 5/5] Iteration 5100 -> Train Loss: 24527.6032
2022-03-28 12:12:51,431 - state_dict - INFO - [Epoch 5/5] Iteration 5400 -> Train Loss: 25022.3682
2022-03-28 12:13:51,785 - state_dict - INFO - [Epoch 5/5] Iteration 5700 -> Train Loss: 24497.6867
2022-03-28 12:14:52,106 - state_dict - INFO - [Epoch 5/5] Iteration 6000 -> Train Loss: 24449.9540
2022-03-28 13:34:04,373 - state_dict - INFO - [Epoch 1/5] Iteration 300 -> Train Loss: 133613.7062
2022-03-28 13:35:05,370 - state_dict - INFO - [Epoch 1/5] Iteration 600 -> Train Loss: 51432.8102
2022-03-28 13:36:05,506 - state_dict - INFO - [Epoch 1/5] Iteration 900 -> Train Loss: 42866.9767
2022-03-28 13:37:05,730 - state_dict - INFO - [Epoch 1/5] Iteration 1200 -> Train Loss: 39327.3963
2022-03-28 13:38:06,612 - state_dict - INFO - [Epoch 2/5] Iteration 1500 -> Train Loss: 35144.4891
2022-03-28 13:39:06,966 - state_dict - INFO - [Epoch 2/5] Iteration 1800 -> Train Loss: 32945.3291
2022-03-28 13:40:07,366 - state_dict - INFO - [Epoch 2/5] Iteration 2100 -> Train Loss: 33243.9069
2022-03-28 13:41:07,689 - state_dict - INFO - [Epoch 2/5] Iteration 2400 -> Train Loss: 31093.2144
2022-03-28 13:42:08,693 - state_dict - INFO - [Epoch 3/5] Iteration 2700 -> Train Loss: 28686.3536
2022-03-28 13:43:09,249 - state_dict - INFO - [Epoch 3/5] Iteration 3000 -> Train Loss: 28659.8511
2022-03-28 13:44:09,544 - state_dict - INFO - [Epoch 3/5] Iteration 3300 -> Train Loss: 28190.9772
2022-03-28 13:45:09,862 - state_dict - INFO - [Epoch 3/5] Iteration 3600 -> Train Loss: 27673.3115
2022-03-28 13:46:11,881 - state_dict - INFO - [Epoch 4/5] Iteration 3900 -> Train Loss: 26582.1691
2022-03-28 13:47:12,281 - state_dict - INFO - [Epoch 4/5] Iteration 4200 -> Train Loss: 25740.9660
2022-03-28 13:48:12,636 - state_dict - INFO - [Epoch 4/5] Iteration 4500 -> Train Loss: 25949.5964
2022-03-28 13:49:12,984 - state_dict - INFO - [Epoch 4/5] Iteration 4800 -> Train Loss: 25861.7919
2022-03-28 13:50:14,119 - state_dict - INFO - [Epoch 5/5] Iteration 5100 -> Train Loss: 24527.6032
2022-03-28 13:51:14,528 - state_dict - INFO - [Epoch 5/5] Iteration 5400 -> Train Loss: 25022.3682
2022-03-28 13:52:15,374 - state_dict - INFO - [Epoch 5/5] Iteration 5700 -> Train Loss: 24497.6867
2022-03-28 13:53:17,401 - state_dict - INFO - [Epoch 5/5] Iteration 6000 -> Train Loss: 24449.9540
2022-03-28 17:27:35,942 - state_dict - INFO - [Epoch 1/30] Iteration 300 -> Train Loss: 0.0705
2022-03-28 17:28:07,515 - state_dict - INFO - [Epoch 1/30] Iteration 600 -> Train Loss: 0.0698
2022-03-28 17:28:36,972 - state_dict - INFO - [Epoch 1/30] Iteration 900 -> Train Loss: 0.0694
2022-03-28 17:29:06,464 - state_dict - INFO - [Epoch 1/30] Iteration 1200 -> Train Loss: 0.0691
2022-03-28 17:33:48,903 - state_dict - INFO - [Epoch 1/20] Iteration 300 -> Train Loss: 0.0704
2022-03-28 17:34:27,709 - state_dict - INFO - [Epoch 1/20] Iteration 600 -> Train Loss: 0.0697
2022-03-28 17:35:04,371 - state_dict - INFO - [Epoch 1/20] Iteration 900 -> Train Loss: 0.0692
2022-03-28 17:35:40,602 - state_dict - INFO - [Epoch 1/20] Iteration 1200 -> Train Loss: 0.0689
2022-03-28 17:36:15,844 - state_dict - INFO - [Epoch 1/20] Iteration 1500 -> Train Loss: 0.0685
2022-03-28 17:36:51,111 - state_dict - INFO - [Epoch 1/20] Iteration 1800 -> Train Loss: 0.0684
2022-03-28 17:37:26,345 - state_dict - INFO - [Epoch 1/20] Iteration 2100 -> Train Loss: 0.0681
2022-03-28 17:38:00,143 - state_dict - INFO - [Epoch 1/20] Iteration 2400 -> Train Loss: 0.0680
2022-03-28 17:38:35,614 - state_dict - INFO - [Epoch 1/20] Iteration 2700 -> Train Loss: 0.0678
2022-03-28 17:39:07,991 - state_dict - INFO - [Epoch 1/20] Iteration 3000 -> Train Loss: 0.0677
2022-03-28 17:39:43,971 - state_dict - INFO - [Epoch 2/20] Iteration 3300 -> Train Loss: 0.0676
2022-03-28 17:40:23,189 - state_dict - INFO - [Epoch 2/20] Iteration 3600 -> Train Loss: 0.0675
2022-03-28 17:41:02,457 - state_dict - INFO - [Epoch 2/20] Iteration 3900 -> Train Loss: 0.0675
2022-03-28 17:41:41,180 - state_dict - INFO - [Epoch 2/20] Iteration 4200 -> Train Loss: 0.0672
2022-03-28 17:42:16,719 - state_dict - INFO - [Epoch 2/20] Iteration 4500 -> Train Loss: 0.0673
2022-03-28 17:42:51,119 - state_dict - INFO - [Epoch 2/20] Iteration 4800 -> Train Loss: 0.0672
2022-03-28 17:46:18,387 - state_dict - INFO - [Epoch 1/20] Iteration 300 -> Train Loss: 0.0702
2022-03-28 17:47:09,250 - state_dict - INFO - [Epoch 1/20] Iteration 600 -> Train Loss: 0.0692
2022-03-28 17:48:00,205 - state_dict - INFO - [Epoch 1/20] Iteration 900 -> Train Loss: 0.0686
2022-03-28 17:48:51,208 - state_dict - INFO - [Epoch 1/20] Iteration 1200 -> Train Loss: 0.0683
2022-03-28 17:49:42,642 - state_dict - INFO - [Epoch 1/20] Iteration 1500 -> Train Loss: 0.0679
2022-03-28 17:50:34,582 - state_dict - INFO - [Epoch 2/20] Iteration 1800 -> Train Loss: 0.0677
2022-03-28 17:51:25,945 - state_dict - INFO - [Epoch 2/20] Iteration 2100 -> Train Loss: 0.0675
2022-03-28 17:52:17,331 - state_dict - INFO - [Epoch 2/20] Iteration 2400 -> Train Loss: 0.0674
2022-03-28 17:53:08,701 - state_dict - INFO - [Epoch 2/20] Iteration 2700 -> Train Loss: 0.0674
2022-03-28 17:54:00,058 - state_dict - INFO - [Epoch 2/20] Iteration 3000 -> Train Loss: 0.0672
2022-03-28 17:54:52,208 - state_dict - INFO - [Epoch 3/20] Iteration 3300 -> Train Loss: 0.0669
2022-03-28 17:55:43,596 - state_dict - INFO - [Epoch 3/20] Iteration 3600 -> Train Loss: 0.0668
2022-03-28 17:56:35,581 - state_dict - INFO - [Epoch 3/20] Iteration 3900 -> Train Loss: 0.0668
2022-03-28 17:57:26,968 - state_dict - INFO - [Epoch 3/20] Iteration 4200 -> Train Loss: 0.0667
2022-03-28 17:58:18,358 - state_dict - INFO - [Epoch 3/20] Iteration 4500 -> Train Loss: 0.0668
2022-03-28 17:59:10,353 - state_dict - INFO - [Epoch 4/20] Iteration 4800 -> Train Loss: 0.0665
2022-03-28 18:02:46,144 - state_dict - INFO - [Epoch 1/20] Iteration 300 -> Train Loss: 0.0702
2022-03-28 18:03:37,218 - state_dict - INFO - [Epoch 1/20] Iteration 600 -> Train Loss: 0.0692
2022-03-28 18:04:28,530 - state_dict - INFO - [Epoch 1/20] Iteration 900 -> Train Loss: 0.0686
2022-03-28 18:05:19,956 - state_dict - INFO - [Epoch 1/20] Iteration 1200 -> Train Loss: 0.0683
2022-03-28 18:06:11,383 - state_dict - INFO - [Epoch 1/20] Iteration 1500 -> Train Loss: 0.0679
2022-03-28 18:07:04,598 - state_dict - INFO - [Epoch 2/20] Iteration 1800 -> Train Loss: 0.0677
2022-03-28 18:07:55,876 - state_dict - INFO - [Epoch 2/20] Iteration 2100 -> Train Loss: 0.0675
2022-03-28 18:08:47,939 - state_dict - INFO - [Epoch 2/20] Iteration 2400 -> Train Loss: 0.0674
2022-03-28 18:09:39,490 - state_dict - INFO - [Epoch 2/20] Iteration 2700 -> Train Loss: 0.0674
2022-03-28 18:10:31,935 - state_dict - INFO - [Epoch 2/20] Iteration 3000 -> Train Loss: 0.0672
2022-03-28 18:11:24,213 - state_dict - INFO - [Epoch 3/20] Iteration 3300 -> Train Loss: 0.0669
2022-03-28 18:12:17,120 - state_dict - INFO - [Epoch 3/20] Iteration 3600 -> Train Loss: 0.0668
2022-03-28 18:13:10,602 - state_dict - INFO - [Epoch 3/20] Iteration 3900 -> Train Loss: 0.0668
2022-03-28 18:14:01,722 - state_dict - INFO - [Epoch 3/20] Iteration 4200 -> Train Loss: 0.0667
2022-03-28 18:14:52,875 - state_dict - INFO - [Epoch 3/20] Iteration 4500 -> Train Loss: 0.0668
2022-03-28 18:15:44,372 - state_dict - INFO - [Epoch 4/20] Iteration 4800 -> Train Loss: 0.0665
2022-03-28 18:16:18,129 - state_dict - INFO - Iteration 5000 -> save model:../../model/distilbert/distilbert-0327-TS-clssi5000
2022-03-28 18:16:35,919 - state_dict - INFO - [Epoch 4/20] Iteration 5100 -> Train Loss: 0.0662
2022-03-28 18:17:28,861 - state_dict - INFO - [Epoch 4/20] Iteration 5400 -> Train Loss: 0.0661
2022-03-28 18:18:22,644 - state_dict - INFO - [Epoch 4/20] Iteration 5700 -> Train Loss: 0.0663
2022-03-28 18:19:14,842 - state_dict - INFO - [Epoch 4/20] Iteration 6000 -> Train Loss: 0.0663
2022-03-28 18:20:09,702 - state_dict - INFO - [Epoch 5/20] Iteration 6300 -> Train Loss: 0.0661
2022-03-28 18:21:00,219 - state_dict - INFO - [Epoch 5/20] Iteration 6600 -> Train Loss: 0.0657
2022-03-28 18:21:50,291 - state_dict - INFO - [Epoch 5/20] Iteration 6900 -> Train Loss: 0.0657
2022-03-28 18:22:41,465 - state_dict - INFO - [Epoch 5/20] Iteration 7200 -> Train Loss: 0.0657
2022-03-28 18:23:34,463 - state_dict - INFO - [Epoch 5/20] Iteration 7500 -> Train Loss: 0.0657
2022-03-28 18:24:25,963 - state_dict - INFO - [Epoch 5/20] Iteration 7800 -> Train Loss: 0.0658
2022-03-28 18:25:17,796 - state_dict - INFO - [Epoch 6/20] Iteration 8100 -> Train Loss: 0.0655
2022-03-28 18:26:09,418 - state_dict - INFO - [Epoch 6/20] Iteration 8400 -> Train Loss: 0.0653
2022-03-28 18:26:59,207 - state_dict - INFO - [Epoch 6/20] Iteration 8700 -> Train Loss: 0.0654
2022-03-28 18:27:50,104 - state_dict - INFO - [Epoch 6/20] Iteration 9000 -> Train Loss: 0.0655
2022-03-28 18:28:41,492 - state_dict - INFO - [Epoch 6/20] Iteration 9300 -> Train Loss: 0.0654
2022-03-28 18:30:13,808 - state_dict - INFO - [Epoch 7/20] Iteration 9600 -> Train Loss: 0.0652
2022-03-28 18:31:54,741 - state_dict - INFO - [Epoch 7/20] Iteration 9900 -> Train Loss: 0.0652
2022-03-28 18:32:30,578 - state_dict - INFO - Iteration 10000 -> save model:../../model/distilbert/distilbert-0327-TS-clssi10000
2022-03-28 18:33:38,840 - state_dict - INFO - [Epoch 7/20] Iteration 10200 -> Train Loss: 0.0651
2022-03-28 18:35:19,384 - state_dict - INFO - [Epoch 7/20] Iteration 10500 -> Train Loss: 0.0653
2022-03-28 18:37:02,091 - state_dict - INFO - [Epoch 7/20] Iteration 10800 -> Train Loss: 0.0652
2022-03-28 18:38:23,986 - state_dict - INFO - [Epoch 8/20] Iteration 11100 -> Train Loss: 0.0652
2022-03-28 18:39:15,391 - state_dict - INFO - [Epoch 8/20] Iteration 11400 -> Train Loss: 0.0650
2022-03-28 18:40:06,893 - state_dict - INFO - [Epoch 8/20] Iteration 11700 -> Train Loss: 0.0651
2022-03-28 18:40:58,354 - state_dict - INFO - [Epoch 8/20] Iteration 12000 -> Train Loss: 0.0650
2022-03-28 18:41:49,790 - state_dict - INFO - [Epoch 8/20] Iteration 12300 -> Train Loss: 0.0651
2022-03-28 18:42:41,869 - state_dict - INFO - [Epoch 9/20] Iteration 12600 -> Train Loss: 0.0651
2022-03-28 18:43:33,227 - state_dict - INFO - [Epoch 9/20] Iteration 12900 -> Train Loss: 0.0649
2022-03-28 18:44:25,084 - state_dict - INFO - [Epoch 9/20] Iteration 13200 -> Train Loss: 0.0649
2022-03-28 18:45:16,502 - state_dict - INFO - [Epoch 9/20] Iteration 13500 -> Train Loss: 0.0650
2022-03-28 18:46:07,753 - state_dict - INFO - [Epoch 9/20] Iteration 13800 -> Train Loss: 0.0650
2022-03-28 18:46:59,909 - state_dict - INFO - [Epoch 10/20] Iteration 14100 -> Train Loss: 0.0650
2022-03-28 18:47:51,289 - state_dict - INFO - [Epoch 10/20] Iteration 14400 -> Train Loss: 0.0650
2022-03-28 18:48:43,222 - state_dict - INFO - [Epoch 10/20] Iteration 14700 -> Train Loss: 0.0649
2022-03-28 18:49:34,567 - state_dict - INFO - [Epoch 10/20] Iteration 15000 -> Train Loss: 0.0649
2022-03-28 18:49:36,097 - state_dict - INFO - Iteration 15000 -> save model:../../model/distilbert/distilbert-0327-TS-clssi15000
2022-03-28 18:50:27,717 - state_dict - INFO - [Epoch 10/20] Iteration 15300 -> Train Loss: 0.0650
2022-03-28 18:51:19,865 - state_dict - INFO - [Epoch 10/20] Iteration 15600 -> Train Loss: 0.0649
2022-03-28 18:52:12,524 - state_dict - INFO - [Epoch 11/20] Iteration 15900 -> Train Loss: 0.0649
2022-03-28 18:53:04,956 - state_dict - INFO - [Epoch 11/20] Iteration 16200 -> Train Loss: 0.0649
2022-03-28 18:53:57,543 - state_dict - INFO - [Epoch 11/20] Iteration 16500 -> Train Loss: 0.0649
2022-03-28 18:54:49,353 - state_dict - INFO - [Epoch 11/20] Iteration 16800 -> Train Loss: 0.0648
2022-03-28 18:55:41,198 - state_dict - INFO - [Epoch 11/20] Iteration 17100 -> Train Loss: 0.0649
2022-03-28 18:56:33,452 - state_dict - INFO - [Epoch 12/20] Iteration 17400 -> Train Loss: 0.0648
2022-03-28 18:57:25,247 - state_dict - INFO - [Epoch 12/20] Iteration 17700 -> Train Loss: 0.0648
2022-03-28 18:58:16,787 - state_dict - INFO - [Epoch 12/20] Iteration 18000 -> Train Loss: 0.0648
2022-03-28 18:59:09,083 - state_dict - INFO - [Epoch 12/20] Iteration 18300 -> Train Loss: 0.0648
2022-03-28 19:00:02,491 - state_dict - INFO - [Epoch 12/20] Iteration 18600 -> Train Loss: 0.0649
2022-03-28 19:00:55,732 - state_dict - INFO - [Epoch 13/20] Iteration 18900 -> Train Loss: 0.0648
2022-03-28 19:01:47,236 - state_dict - INFO - [Epoch 13/20] Iteration 19200 -> Train Loss: 0.0648
2022-03-28 19:02:38,742 - state_dict - INFO - [Epoch 13/20] Iteration 19500 -> Train Loss: 0.0648
2022-03-28 19:03:30,184 - state_dict - INFO - [Epoch 13/20] Iteration 19800 -> Train Loss: 0.0648
2022-03-28 19:04:07,933 - state_dict - INFO - Iteration 20000 -> save model:../../model/distilbert/distilbert-0327-TS-clssi20000
2022-03-28 19:04:25,042 - state_dict - INFO - [Epoch 13/20] Iteration 20100 -> Train Loss: 0.0648
2022-03-28 19:05:16,859 - state_dict - INFO - [Epoch 14/20] Iteration 20400 -> Train Loss: 0.0648
2022-03-28 19:06:09,159 - state_dict - INFO - [Epoch 14/20] Iteration 20700 -> Train Loss: 0.0647
2022-03-28 19:07:02,649 - state_dict - INFO - [Epoch 14/20] Iteration 21000 -> Train Loss: 0.0648
2022-03-28 19:07:54,151 - state_dict - INFO - [Epoch 14/20] Iteration 21300 -> Train Loss: 0.0648
2022-03-28 19:08:45,777 - state_dict - INFO - [Epoch 14/20] Iteration 21600 -> Train Loss: 0.0648
2022-03-28 19:09:38,233 - state_dict - INFO - [Epoch 15/20] Iteration 21900 -> Train Loss: 0.0648
2022-03-28 19:10:30,372 - state_dict - INFO - [Epoch 15/20] Iteration 22200 -> Train Loss: 0.0648
2022-03-28 19:11:22,167 - state_dict - INFO - [Epoch 15/20] Iteration 22500 -> Train Loss: 0.0648
2022-03-28 19:12:15,456 - state_dict - INFO - [Epoch 15/20] Iteration 22800 -> Train Loss: 0.0647
2022-03-28 19:13:09,618 - state_dict - INFO - [Epoch 15/20] Iteration 23100 -> Train Loss: 0.0647
2022-03-28 19:14:02,799 - state_dict - INFO - [Epoch 15/20] Iteration 23400 -> Train Loss: 0.0648
2022-03-28 19:14:55,258 - state_dict - INFO - [Epoch 16/20] Iteration 23700 -> Train Loss: 0.0647
2022-03-28 19:15:46,604 - state_dict - INFO - [Epoch 16/20] Iteration 24000 -> Train Loss: 0.0647
2022-03-28 19:16:39,812 - state_dict - INFO - [Epoch 16/20] Iteration 24300 -> Train Loss: 0.0647
2022-03-28 19:17:32,461 - state_dict - INFO - [Epoch 16/20] Iteration 24600 -> Train Loss: 0.0648
2022-03-28 19:18:23,835 - state_dict - INFO - [Epoch 16/20] Iteration 24900 -> Train Loss: 0.0647
2022-03-28 19:18:42,909 - state_dict - INFO - Iteration 25000 -> save model:../../model/distilbert/distilbert-0327-TS-clssi25000
2022-03-28 19:19:18,210 - state_dict - INFO - [Epoch 17/20] Iteration 25200 -> Train Loss: 0.0647
2022-03-28 19:20:09,942 - state_dict - INFO - [Epoch 17/20] Iteration 25500 -> Train Loss: 0.0647
2022-03-28 19:21:01,363 - state_dict - INFO - [Epoch 17/20] Iteration 25800 -> Train Loss: 0.0647
2022-03-28 19:21:52,678 - state_dict - INFO - [Epoch 17/20] Iteration 26100 -> Train Loss: 0.0647
2022-03-28 19:22:43,976 - state_dict - INFO - [Epoch 17/20] Iteration 26400 -> Train Loss: 0.0646
2022-03-28 19:23:36,139 - state_dict - INFO - [Epoch 18/20] Iteration 26700 -> Train Loss: 0.0647
2022-03-28 19:24:28,232 - state_dict - INFO - [Epoch 18/20] Iteration 27000 -> Train Loss: 0.0647
2022-03-28 19:25:19,844 - state_dict - INFO - [Epoch 18/20] Iteration 27300 -> Train Loss: 0.0646
2022-03-28 19:26:11,241 - state_dict - INFO - [Epoch 18/20] Iteration 27600 -> Train Loss: 0.0647
2022-03-28 19:27:03,372 - state_dict - INFO - [Epoch 18/20] Iteration 27900 -> Train Loss: 0.0647
2022-03-28 19:30:52,499 - state_dict - INFO - [Epoch 1/20] Iteration 300 -> Train Loss: 0.1108
2022-03-28 19:31:43,320 - state_dict - INFO - [Epoch 1/20] Iteration 600 -> Train Loss: 0.1102
2022-03-28 19:32:35,410 - state_dict - INFO - [Epoch 2/20] Iteration 900 -> Train Loss: 0.1099
2022-03-28 19:33:27,091 - state_dict - INFO - [Epoch 2/20] Iteration 1200 -> Train Loss: 0.1094
2022-03-28 19:34:19,471 - state_dict - INFO - [Epoch 2/20] Iteration 1500 -> Train Loss: 0.1087
2022-03-28 19:35:12,349 - state_dict - INFO - [Epoch 3/20] Iteration 1800 -> Train Loss: 0.1078
2022-03-28 19:36:04,438 - state_dict - INFO - [Epoch 3/20] Iteration 2100 -> Train Loss: 0.1073
2022-03-28 19:36:56,898 - state_dict - INFO - [Epoch 4/20] Iteration 2400 -> Train Loss: 0.1070
2022-03-28 19:37:48,434 - state_dict - INFO - [Epoch 4/20] Iteration 2700 -> Train Loss: 0.1058
2022-03-28 19:38:39,928 - state_dict - INFO - [Epoch 4/20] Iteration 3000 -> Train Loss: 0.1060
2022-03-28 19:39:31,888 - state_dict - INFO - [Epoch 5/20] Iteration 3300 -> Train Loss: 0.1052
2022-03-28 19:40:24,234 - state_dict - INFO - [Epoch 5/20] Iteration 3600 -> Train Loss: 0.1044
2022-03-28 19:41:15,608 - state_dict - INFO - [Epoch 5/20] Iteration 3900 -> Train Loss: 0.1047
2022-03-28 19:42:07,548 - state_dict - INFO - [Epoch 6/20] Iteration 4200 -> Train Loss: 0.1035
2022-03-28 19:42:59,081 - state_dict - INFO - [Epoch 6/20] Iteration 4500 -> Train Loss: 0.1036
2022-03-28 19:43:53,193 - state_dict - INFO - [Epoch 7/20] Iteration 4800 -> Train Loss: 0.1033
2022-03-28 19:44:29,053 - state_dict - INFO - Iteration 5000 -> save model:../../model/distilbert/distilbert-0327-TS-nli/5000
2022-03-28 19:44:46,659 - state_dict - INFO - [Epoch 7/20] Iteration 5100 -> Train Loss: 0.1026
2022-03-28 19:45:39,515 - state_dict - INFO - [Epoch 7/20] Iteration 5400 -> Train Loss: 0.1028
2022-03-28 19:46:31,810 - state_dict - INFO - [Epoch 8/20] Iteration 5700 -> Train Loss: 0.1022
2022-03-28 19:47:23,066 - state_dict - INFO - [Epoch 8/20] Iteration 6000 -> Train Loss: 0.1020
2022-03-28 19:48:41,311 - state_dict - INFO - [Epoch 9/20] Iteration 6300 -> Train Loss: 0.1022
2022-03-28 19:50:25,300 - state_dict - INFO - [Epoch 9/20] Iteration 6600 -> Train Loss: 0.1017
2022-03-28 19:52:06,606 - state_dict - INFO - [Epoch 9/20] Iteration 6900 -> Train Loss: 0.1017
2022-03-28 19:53:48,716 - state_dict - INFO - [Epoch 10/20] Iteration 7200 -> Train Loss: 0.1015
2022-03-28 19:55:32,310 - state_dict - INFO - [Epoch 10/20] Iteration 7500 -> Train Loss: 0.1014
2022-03-28 19:57:13,614 - state_dict - INFO - [Epoch 10/20] Iteration 7800 -> Train Loss: 0.1014
2022-03-28 19:58:57,647 - state_dict - INFO - [Epoch 11/20] Iteration 8100 -> Train Loss: 0.1011
2022-03-28 20:00:38,986 - state_dict - INFO - [Epoch 11/20] Iteration 8400 -> Train Loss: 0.1011
2022-03-28 20:02:21,144 - state_dict - INFO - [Epoch 12/20] Iteration 8700 -> Train Loss: 0.1012
2022-03-28 20:04:04,709 - state_dict - INFO - [Epoch 12/20] Iteration 9000 -> Train Loss: 0.1009
2022-03-28 20:05:24,318 - state_dict - INFO - [Epoch 12/20] Iteration 9300 -> Train Loss: 0.1011
2022-03-28 20:06:16,718 - state_dict - INFO - [Epoch 13/20] Iteration 9600 -> Train Loss: 0.1008
2022-03-28 20:07:09,298 - state_dict - INFO - [Epoch 13/20] Iteration 9900 -> Train Loss: 0.1009
2022-03-28 20:07:28,598 - state_dict - INFO - Iteration 10000 -> save model:../../model/distilbert/distilbert-0327-TS-nli/10000
2022-03-28 20:08:23,375 - state_dict - INFO - [Epoch 14/20] Iteration 10200 -> Train Loss: 0.1008
2022-03-28 20:10:06,897 - state_dict - INFO - [Epoch 14/20] Iteration 10500 -> Train Loss: 0.1008
2022-03-28 20:11:48,434 - state_dict - INFO - [Epoch 14/20] Iteration 10800 -> Train Loss: 0.1007
2022-03-28 20:13:30,473 - state_dict - INFO - [Epoch 15/20] Iteration 11100 -> Train Loss: 0.1006
2022-03-28 20:15:13,906 - state_dict - INFO - [Epoch 15/20] Iteration 11400 -> Train Loss: 0.1007
2022-03-28 20:16:55,369 - state_dict - INFO - [Epoch 15/20] Iteration 11700 -> Train Loss: 0.1007
2022-03-28 20:18:39,785 - state_dict - INFO - [Epoch 16/20] Iteration 12000 -> Train Loss: 0.1007
2022-03-28 20:20:21,566 - state_dict - INFO - [Epoch 16/20] Iteration 12300 -> Train Loss: 0.1006
2022-03-28 20:22:05,444 - state_dict - INFO - [Epoch 17/20] Iteration 12600 -> Train Loss: 0.1005
2022-03-28 20:23:47,873 - state_dict - INFO - [Epoch 17/20] Iteration 12900 -> Train Loss: 0.1005
2022-03-28 20:25:29,211 - state_dict - INFO - [Epoch 17/20] Iteration 13200 -> Train Loss: 0.1005
2022-03-28 20:27:13,365 - state_dict - INFO - [Epoch 18/20] Iteration 13500 -> Train Loss: 0.1005
2022-03-28 20:28:54,759 - state_dict - INFO - [Epoch 18/20] Iteration 13800 -> Train Loss: 0.1005
2022-03-28 20:30:39,251 - state_dict - INFO - [Epoch 19/20] Iteration 14100 -> Train Loss: 0.1005
2022-03-28 20:32:20,537 - state_dict - INFO - [Epoch 19/20] Iteration 14400 -> Train Loss: 0.1005
2022-03-28 20:34:01,866 - state_dict - INFO - [Epoch 19/20] Iteration 14700 -> Train Loss: 0.1004
2022-03-28 20:35:46,095 - state_dict - INFO - [Epoch 20/20] Iteration 15000 -> Train Loss: 0.1005
2022-03-28 20:35:47,975 - state_dict - INFO - Iteration 15000 -> save model:../../model/distilbert/distilbert-0327-TS-nli/15000
2022-03-28 20:37:03,392 - state_dict - INFO - [Epoch 20/20] Iteration 15300 -> Train Loss: 0.1004
2022-03-28 20:37:54,904 - state_dict - INFO - [Epoch 20/20] Iteration 15600 -> Train Loss: 0.1004
2022-03-28 20:57:02,117 - state_dict - INFO - [Epoch 1/20] Iteration 300 -> Train Loss: 0.1108
2022-03-28 20:57:53,019 - state_dict - INFO - [Epoch 1/20] Iteration 600 -> Train Loss: 0.1102
2022-03-28 20:58:44,809 - state_dict - INFO - [Epoch 2/20] Iteration 900 -> Train Loss: 0.1099
2022-03-28 20:59:35,979 - state_dict - INFO - [Epoch 2/20] Iteration 1200 -> Train Loss: 0.1094
2022-03-28 21:00:27,383 - state_dict - INFO - [Epoch 2/20] Iteration 1500 -> Train Loss: 0.1087
2022-03-28 21:01:19,703 - state_dict - INFO - [Epoch 3/20] Iteration 1800 -> Train Loss: 0.1078
2022-03-28 21:02:11,087 - state_dict - INFO - [Epoch 3/20] Iteration 2100 -> Train Loss: 0.1073
2022-03-28 21:03:03,450 - state_dict - INFO - [Epoch 4/20] Iteration 2400 -> Train Loss: 0.1067
2022-03-28 21:03:54,805 - state_dict - INFO - [Epoch 4/20] Iteration 2700 -> Train Loss: 0.1058
2022-03-28 21:04:46,114 - state_dict - INFO - [Epoch 4/20] Iteration 3000 -> Train Loss: 0.1056
2022-03-28 21:05:38,765 - state_dict - INFO - [Epoch 5/20] Iteration 3300 -> Train Loss: 0.1048
2022-03-28 21:06:30,049 - state_dict - INFO - [Epoch 5/20] Iteration 3600 -> Train Loss: 0.1044
2022-03-28 21:07:21,301 - state_dict - INFO - [Epoch 5/20] Iteration 3900 -> Train Loss: 0.1044
2022-03-28 21:08:13,431 - state_dict - INFO - [Epoch 6/20] Iteration 4200 -> Train Loss: 0.1033
2022-03-28 21:09:04,804 - state_dict - INFO - [Epoch 6/20] Iteration 4500 -> Train Loss: 0.1034
2022-03-28 21:09:56,966 - state_dict - INFO - [Epoch 7/20] Iteration 4800 -> Train Loss: 0.1030
2022-03-28 21:10:32,654 - state_dict - INFO - Iteration 5000 -> save model:../../model/distilbert/distilbert-0327-TS-nli-5/5000
2022-03-28 21:10:49,941 - state_dict - INFO - [Epoch 7/20] Iteration 5100 -> Train Loss: 0.1025
2022-03-28 21:11:41,210 - state_dict - INFO - [Epoch 7/20] Iteration 5400 -> Train Loss: 0.1026
2022-03-28 21:12:33,223 - state_dict - INFO - [Epoch 8/20] Iteration 5700 -> Train Loss: 0.1023
2022-03-28 21:13:24,421 - state_dict - INFO - [Epoch 8/20] Iteration 6000 -> Train Loss: 0.1019
2022-03-28 21:14:16,310 - state_dict - INFO - [Epoch 9/20] Iteration 6300 -> Train Loss: 0.1019
2022-03-28 21:15:08,524 - state_dict - INFO - [Epoch 9/20] Iteration 6600 -> Train Loss: 0.1016
2022-03-28 21:15:59,914 - state_dict - INFO - [Epoch 9/20] Iteration 6900 -> Train Loss: 0.1015
2022-03-28 21:16:52,174 - state_dict - INFO - [Epoch 10/20] Iteration 7200 -> Train Loss: 0.1014
2022-03-28 21:17:44,006 - state_dict - INFO - [Epoch 10/20] Iteration 7500 -> Train Loss: 0.1013
2022-03-28 21:18:35,361 - state_dict - INFO - [Epoch 10/20] Iteration 7800 -> Train Loss: 0.1014
2022-03-28 21:19:27,441 - state_dict - INFO - [Epoch 11/20] Iteration 8100 -> Train Loss: 0.1011
2022-03-28 21:20:18,758 - state_dict - INFO - [Epoch 11/20] Iteration 8400 -> Train Loss: 0.1011
2022-03-28 21:21:10,836 - state_dict - INFO - [Epoch 12/20] Iteration 8700 -> Train Loss: 0.1009
2022-03-28 21:22:02,189 - state_dict - INFO - [Epoch 12/20] Iteration 9000 -> Train Loss: 0.1010
2022-03-28 21:22:53,566 - state_dict - INFO - [Epoch 12/20] Iteration 9300 -> Train Loss: 0.1009
2022-03-28 21:23:46,701 - state_dict - INFO - [Epoch 13/20] Iteration 9600 -> Train Loss: 0.1009
2022-03-28 21:24:37,360 - state_dict - INFO - [Epoch 13/20] Iteration 9900 -> Train Loss: 0.1008
2022-03-28 21:24:56,201 - state_dict - INFO - Iteration 10000 -> save model:../../model/distilbert/distilbert-0327-TS-nli-5/10000
2022-03-28 21:25:31,112 - state_dict - INFO - [Epoch 14/20] Iteration 10200 -> Train Loss: 0.1008
2022-03-28 21:26:22,470 - state_dict - INFO - [Epoch 14/20] Iteration 10500 -> Train Loss: 0.1006
2022-03-28 21:27:12,477 - state_dict - INFO - [Epoch 14/20] Iteration 10800 -> Train Loss: 0.1008
2022-03-28 21:28:05,735 - state_dict - INFO - [Epoch 15/20] Iteration 11100 -> Train Loss: 0.1009
2022-03-28 21:28:58,142 - state_dict - INFO - [Epoch 15/20] Iteration 11400 -> Train Loss: 0.1006
2022-03-28 21:29:49,508 - state_dict - INFO - [Epoch 15/20] Iteration 11700 -> Train Loss: 0.1005
2022-03-28 21:30:41,790 - state_dict - INFO - [Epoch 16/20] Iteration 12000 -> Train Loss: 0.1005
2022-03-28 21:31:33,654 - state_dict - INFO - [Epoch 16/20] Iteration 12300 -> Train Loss: 0.1005
2022-03-28 21:32:26,169 - state_dict - INFO - [Epoch 17/20] Iteration 12600 -> Train Loss: 0.1005
2022-03-28 21:33:17,835 - state_dict - INFO - [Epoch 17/20] Iteration 12900 -> Train Loss: 0.1004
2022-03-28 21:34:10,417 - state_dict - INFO - [Epoch 17/20] Iteration 13200 -> Train Loss: 0.1005
2022-03-28 21:35:04,019 - state_dict - INFO - [Epoch 18/20] Iteration 13500 -> Train Loss: 0.1005
2022-03-28 21:35:55,570 - state_dict - INFO - [Epoch 18/20] Iteration 13800 -> Train Loss: 0.1005
2022-03-28 21:36:47,905 - state_dict - INFO - [Epoch 19/20] Iteration 14100 -> Train Loss: 0.1005
2022-03-28 21:37:39,283 - state_dict - INFO - [Epoch 19/20] Iteration 14400 -> Train Loss: 0.1005
2022-03-28 21:38:30,675 - state_dict - INFO - [Epoch 19/20] Iteration 14700 -> Train Loss: 0.1003
2022-03-28 21:39:24,156 - state_dict - INFO - [Epoch 20/20] Iteration 15000 -> Train Loss: 0.1004
2022-03-28 21:39:25,853 - state_dict - INFO - Iteration 15000 -> save model:../../model/distilbert/distilbert-0327-TS-nli-5/15000
2022-03-28 21:40:17,250 - state_dict - INFO - [Epoch 20/20] Iteration 15300 -> Train Loss: 0.1004
2022-03-28 21:41:08,477 - state_dict - INFO - [Epoch 20/20] Iteration 15600 -> Train Loss: 0.1004
2022-03-28 21:45:42,529 - state_dict - INFO - ---------------------------------------------------------
2022-03-28 21:45:44,940 - state_dict - INFO - [Epoch 1/20] Validatation Accuracy:0.332
2022-03-28 21:45:44,941 - state_dict - INFO - ---------------------------------------------------------
2022-03-28 21:45:44,942 - state_dict - INFO - === 처리시간: 2.413 초 ===
2022-03-28 21:45:44,943 - state_dict - INFO - -END-

2022-03-28 21:45:45,102 - state_dict - INFO - ---------------------------------------------------------
2022-03-28 21:45:47,526 - state_dict - INFO - [Epoch 1/20] Validatation Accuracy:0.33166666666666667
2022-03-28 21:45:47,528 - state_dict - INFO - ---------------------------------------------------------
2022-03-28 21:45:47,529 - state_dict - INFO - === 처리시간: 2.427 초 ===
2022-03-28 21:45:47,531 - state_dict - INFO - -END-

2022-03-28 21:45:47,704 - state_dict - INFO - ---------------------------------------------------------
2022-03-28 21:45:50,157 - state_dict - INFO - [Epoch 1/20] Validatation Accuracy:0.3313333333333333
2022-03-28 21:45:50,159 - state_dict - INFO - ---------------------------------------------------------
2022-03-28 21:45:50,159 - state_dict - INFO - === 처리시간: 2.455 초 ===
2022-03-28 21:45:50,160 - state_dict - INFO - -END-

2022-03-28 21:45:50,336 - state_dict - INFO - ---------------------------------------------------------
2022-03-28 21:45:52,813 - state_dict - INFO - [Epoch 1/20] Validatation Accuracy:0.33066666666666666
2022-03-28 21:45:52,815 - state_dict - INFO - ---------------------------------------------------------
2022-03-28 21:45:52,816 - state_dict - INFO - === 처리시간: 2.480 초 ===
2022-03-28 21:45:52,817 - state_dict - INFO - -END-

2022-03-28 21:45:52,985 - state_dict - INFO - ---------------------------------------------------------
2022-03-28 21:48:54,471 - state_dict - INFO - [Epoch 1/20] Iteration 300 -> Train Loss: 0.5504
2022-03-28 21:49:46,311 - state_dict - INFO - [Epoch 1/20] Iteration 600 -> Train Loss: 0.5492
2022-03-28 21:50:17,222 - state_dict - INFO - ---------------------------------------------------------
2022-03-28 21:50:19,724 - state_dict - INFO - [Epoch 1/20] Validatation Accuracy:0.39066666666666666
2022-03-28 21:50:19,726 - state_dict - INFO - ---------------------------------------------------------
2022-03-28 21:50:19,726 - state_dict - INFO - === 처리시간: 2.504 초 ===
2022-03-28 21:50:19,727 - state_dict - INFO - -END-

2022-03-28 21:50:40,278 - state_dict - INFO - [Epoch 2/20] Iteration 900 -> Train Loss: 0.5321
2022-03-28 21:51:33,302 - state_dict - INFO - [Epoch 2/20] Iteration 1200 -> Train Loss: 0.5166
2022-03-28 21:52:24,229 - state_dict - INFO - [Epoch 2/20] Iteration 1500 -> Train Loss: 0.5029
2022-03-28 21:52:35,314 - state_dict - INFO - ---------------------------------------------------------
2022-03-28 21:52:37,743 - state_dict - INFO - [Epoch 2/20] Validatation Accuracy:0.5483333333333333
2022-03-28 21:52:37,745 - state_dict - INFO - ---------------------------------------------------------
2022-03-28 21:52:37,746 - state_dict - INFO - === 처리시간: 2.432 초 ===
2022-03-28 21:52:37,747 - state_dict - INFO - -END-

2022-03-28 21:53:19,321 - state_dict - INFO - [Epoch 3/20] Iteration 1800 -> Train Loss: 0.4759
2022-03-28 21:54:11,091 - state_dict - INFO - [Epoch 3/20] Iteration 2100 -> Train Loss: 0.4683
2022-03-28 21:54:53,513 - state_dict - INFO - ---------------------------------------------------------
2022-03-28 21:54:56,012 - state_dict - INFO - [Epoch 3/20] Validatation Accuracy:0.5686666666666667
2022-03-28 21:54:56,013 - state_dict - INFO - ---------------------------------------------------------
2022-03-28 21:54:56,015 - state_dict - INFO - === 처리시간: 2.502 초 ===
2022-03-28 21:54:56,016 - state_dict - INFO - -END-

2022-03-28 21:55:05,726 - state_dict - INFO - [Epoch 4/20] Iteration 2400 -> Train Loss: 0.4598
2022-03-28 21:55:56,989 - state_dict - INFO - [Epoch 4/20] Iteration 2700 -> Train Loss: 0.4321
2022-03-28 21:56:49,243 - state_dict - INFO - [Epoch 4/20] Iteration 3000 -> Train Loss: 0.4342
2022-03-28 21:57:11,957 - state_dict - INFO - ---------------------------------------------------------
2022-03-28 21:57:14,462 - state_dict - INFO - [Epoch 4/20] Validatation Accuracy:0.592
2022-03-28 21:57:14,463 - state_dict - INFO - ---------------------------------------------------------
2022-03-28 21:57:14,464 - state_dict - INFO - === 처리시간: 2.507 초 ===
2022-03-28 21:57:14,464 - state_dict - INFO - -END-

2022-03-28 21:57:44,011 - state_dict - INFO - [Epoch 5/20] Iteration 3300 -> Train Loss: 0.4158
2022-03-28 21:58:35,000 - state_dict - INFO - [Epoch 5/20] Iteration 3600 -> Train Loss: 0.4066
2022-03-28 21:59:25,220 - state_dict - INFO - [Epoch 5/20] Iteration 3900 -> Train Loss: 0.4057
2022-03-28 21:59:27,072 - state_dict - INFO - ---------------------------------------------------------
2022-03-28 21:59:29,595 - state_dict - INFO - [Epoch 5/20] Validatation Accuracy:0.597
2022-03-28 21:59:29,598 - state_dict - INFO - ---------------------------------------------------------
2022-03-28 21:59:29,599 - state_dict - INFO - === 처리시간: 2.527 초 ===
2022-03-28 21:59:29,600 - state_dict - INFO - -END-

2022-03-28 22:00:20,017 - state_dict - INFO - [Epoch 6/20] Iteration 4200 -> Train Loss: 0.3823
2022-03-28 22:01:12,188 - state_dict - INFO - [Epoch 6/20] Iteration 4500 -> Train Loss: 0.3849
2022-03-28 22:01:45,120 - state_dict - INFO - ---------------------------------------------------------
2022-03-28 22:01:47,657 - state_dict - INFO - [Epoch 6/20] Validatation Accuracy:0.5993333333333334
2022-03-28 22:01:47,658 - state_dict - INFO - ---------------------------------------------------------
2022-03-28 22:01:47,659 - state_dict - INFO - === 처리시간: 2.539 초 ===
2022-03-28 22:01:47,660 - state_dict - INFO - -END-

2022-03-28 22:02:06,622 - state_dict - INFO - [Epoch 7/20] Iteration 4800 -> Train Loss: 0.3771
2022-03-28 22:02:42,222 - state_dict - INFO - Iteration 5000 -> save model:../../model/distilbert/distilbert-0327-TS-nli-0.5-10/5000
2022-03-28 22:02:59,251 - state_dict - INFO - [Epoch 7/20] Iteration 5100 -> Train Loss: 0.3675
2022-03-28 22:03:50,643 - state_dict - INFO - [Epoch 7/20] Iteration 5400 -> Train Loss: 0.3678
2022-03-28 22:04:03,371 - state_dict - INFO - ---------------------------------------------------------
2022-03-28 22:04:05,875 - state_dict - INFO - [Epoch 7/20] Validatation Accuracy:0.6066666666666667
2022-03-28 22:04:05,877 - state_dict - INFO - ---------------------------------------------------------
2022-03-28 22:04:05,878 - state_dict - INFO - === 처리시간: 2.508 초 ===
2022-03-28 22:04:05,880 - state_dict - INFO - -END-

2022-03-28 22:04:45,074 - state_dict - INFO - [Epoch 8/20] Iteration 5700 -> Train Loss: 0.3553
2022-03-28 22:05:36,492 - state_dict - INFO - [Epoch 8/20] Iteration 6000 -> Train Loss: 0.3555
2022-03-28 22:06:21,476 - state_dict - INFO - ---------------------------------------------------------
2022-03-28 22:06:24,029 - state_dict - INFO - [Epoch 8/20] Validatation Accuracy:0.6033333333333334
2022-03-28 22:06:24,031 - state_dict - INFO - ---------------------------------------------------------
2022-03-28 22:06:24,032 - state_dict - INFO - === 처리시간: 2.556 초 ===
2022-03-28 22:06:24,033 - state_dict - INFO - -END-

2022-03-28 22:06:32,117 - state_dict - INFO - [Epoch 9/20] Iteration 6300 -> Train Loss: 0.3551
2022-03-28 22:07:23,562 - state_dict - INFO - [Epoch 9/20] Iteration 6600 -> Train Loss: 0.3461
2022-03-28 22:08:15,301 - state_dict - INFO - [Epoch 9/20] Iteration 6900 -> Train Loss: 0.3468
2022-03-28 22:08:38,985 - state_dict - INFO - ---------------------------------------------------------
2022-03-28 22:08:41,521 - state_dict - INFO - [Epoch 9/20] Validatation Accuracy:0.6006666666666667
2022-03-28 22:08:41,524 - state_dict - INFO - ---------------------------------------------------------
2022-03-28 22:08:41,525 - state_dict - INFO - === 처리시간: 2.539 초 ===
2022-03-28 22:08:41,525 - state_dict - INFO - -END-

2022-03-28 22:09:09,838 - state_dict - INFO - [Epoch 10/20] Iteration 7200 -> Train Loss: 0.3420
2022-03-28 22:10:01,779 - state_dict - INFO - [Epoch 10/20] Iteration 7500 -> Train Loss: 0.3401
2022-03-28 22:10:53,183 - state_dict - INFO - [Epoch 10/20] Iteration 7800 -> Train Loss: 0.3396
2022-03-28 22:10:56,751 - state_dict - INFO - ---------------------------------------------------------
2022-03-28 22:10:59,256 - state_dict - INFO - [Epoch 10/20] Validatation Accuracy:0.6066666666666667
2022-03-28 22:10:59,258 - state_dict - INFO - ---------------------------------------------------------
2022-03-28 22:10:59,259 - state_dict - INFO - === 처리시간: 2.508 초 ===
2022-03-28 22:10:59,261 - state_dict - INFO - -END-

2022-03-28 22:11:47,652 - state_dict - INFO - [Epoch 11/20] Iteration 8100 -> Train Loss: 0.3353
2022-03-28 22:12:38,761 - state_dict - INFO - [Epoch 11/20] Iteration 8400 -> Train Loss: 0.3361
2022-03-28 22:13:13,669 - state_dict - INFO - ---------------------------------------------------------
2022-03-28 22:13:16,194 - state_dict - INFO - [Epoch 11/20] Validatation Accuracy:0.6073333333333333
2022-03-28 22:13:16,196 - state_dict - INFO - ---------------------------------------------------------
2022-03-28 22:13:16,197 - state_dict - INFO - === 처리시간: 2.528 초 ===
2022-03-28 22:13:16,199 - state_dict - INFO - -END-

2022-03-28 22:13:33,372 - state_dict - INFO - [Epoch 12/20] Iteration 8700 -> Train Loss: 0.3359
2022-03-28 22:14:24,824 - state_dict - INFO - [Epoch 12/20] Iteration 9000 -> Train Loss: 0.3316
2022-03-28 22:15:16,745 - state_dict - INFO - [Epoch 12/20] Iteration 9300 -> Train Loss: 0.3313
2022-03-28 22:15:31,777 - state_dict - INFO - ---------------------------------------------------------
2022-03-28 22:15:34,262 - state_dict - INFO - [Epoch 12/20] Validatation Accuracy:0.6076666666666667
2022-03-28 22:15:34,264 - state_dict - INFO - ---------------------------------------------------------
2022-03-28 22:15:34,265 - state_dict - INFO - === 처리시간: 2.488 초 ===
2022-03-28 22:15:34,266 - state_dict - INFO - -END-

2022-03-28 22:16:12,077 - state_dict - INFO - [Epoch 13/20] Iteration 9600 -> Train Loss: 0.3285
2022-03-28 22:17:03,246 - state_dict - INFO - [Epoch 13/20] Iteration 9900 -> Train Loss: 0.3269
2022-03-28 22:17:21,789 - state_dict - INFO - Iteration 10000 -> save model:../../model/distilbert/distilbert-0327-TS-nli-0.5-10/10000
2022-03-28 22:17:51,047 - state_dict - INFO - ---------------------------------------------------------
2022-03-28 22:17:53,514 - state_dict - INFO - [Epoch 13/20] Validatation Accuracy:0.609
2022-03-28 22:17:53,516 - state_dict - INFO - ---------------------------------------------------------
2022-03-28 22:17:53,517 - state_dict - INFO - === 처리시간: 2.470 초 ===
2022-03-28 22:17:53,518 - state_dict - INFO - -END-

2022-03-28 22:17:59,967 - state_dict - INFO - [Epoch 14/20] Iteration 10200 -> Train Loss: 0.3289
2022-03-28 22:18:51,949 - state_dict - INFO - [Epoch 14/20] Iteration 10500 -> Train Loss: 0.3276
2022-03-28 22:19:44,687 - state_dict - INFO - [Epoch 14/20] Iteration 10800 -> Train Loss: 0.3254
2022-03-28 22:20:10,191 - state_dict - INFO - ---------------------------------------------------------
2022-03-28 22:20:12,738 - state_dict - INFO - [Epoch 14/20] Validatation Accuracy:0.6023333333333334
2022-03-28 22:20:12,741 - state_dict - INFO - ---------------------------------------------------------
2022-03-28 22:20:12,742 - state_dict - INFO - === 처리시간: 2.551 초 ===
2022-03-28 22:20:12,743 - state_dict - INFO - -END-

2022-03-28 22:20:39,509 - state_dict - INFO - [Epoch 15/20] Iteration 11100 -> Train Loss: 0.3242
