2023-05-10 11:47:51,269 - embed-server - INFO - *환경 Settings: LOG_PATH:./log/embed, SEED:111, DEVICE:cpu
2023-05-10 11:47:51,270 - embed-server - INFO - *모델 Settings: MODEL_PATH:../../data11/model/kpf-sbert-128d-v1, POLLING_MODE:mean, OUT_DIMENSION:128
2023-05-10 11:47:51,270 - embed-server - INFO - *임베딩 Settings: EMBEDDING_METHOD:0, FLOAT_TYPE:float16
2023-05-10 11:47:51,270 - embed-server - INFO - *ES Settings: ES_URL:http://10.10.4.10:9200/, ES_INDEX_FILE:./data/mpower10u_128d_10.json, BATCH_SIZE:20
2023-05-10 11:47:51,271 - embed-server - INFO - *클러스터링 Settings: CLUSTRING_MODE:kmeans, NUM_CLUSTERS:10, NUM_CLUSTERS_VARIABLE:True, OUTMODE:mean
2023-05-10 11:47:51,271 - embed-server - INFO - *문장전처리 Settings: REMOVE_SENTENCE_LEN:8, REMOVE_DUPLICATION:False
2023-05-10 11:47:51,271 - embed-server - INFO - *검색 Settings: VECTOR_MAG:0.8
2023-05-10 11:47:52,667 - embed-server - INFO - 
---bi_encoder---------------------------
2023-05-10 11:47:52,668 - embed-server - INFO - SentenceTransformer(
  (0): Transformer({'max_seq_length': 512, 'do_lower_case': True}) with Transformer model: BertModel 
  (1): Pooling({'word_embedding_dimension': 768, 'pooling_mode_cls_token': False, 'pooling_mode_mean_tokens': True, 'pooling_mode_max_tokens': False, 'pooling_mode_mean_sqrt_len_tokens': False})
  (2): Dense({'in_features': 768, 'out_features': 128, 'bias': True, 'activation_function': 'torch.nn.modules.activation.Tanh'})
)
2023-05-10 11:47:52,668 - embed-server - INFO - Transformer({'max_seq_length': 512, 'do_lower_case': True}) with Transformer model: BertModel 
2023-05-10 11:47:52,668 - embed-server - INFO - 
----------------------------------------
2023-05-10 11:49:14,285 - embed-server - INFO - *환경 Settings: LOG_PATH:./log/embed, SEED:111, DEVICE:cpu
2023-05-10 11:49:14,285 - embed-server - INFO - *모델 Settings: MODEL_PATH:../../data11/model/kpf-sbert-128d-v1, POLLING_MODE:mean, OUT_DIMENSION:128
2023-05-10 11:49:14,285 - embed-server - INFO - *임베딩 Settings: EMBEDDING_METHOD:0, FLOAT_TYPE:float16
2023-05-10 11:49:14,285 - embed-server - INFO - *ES Settings: ES_URL:http://10.10.4.10:9200/, ES_INDEX_FILE:./data/mpower10u_128d_10.json, BATCH_SIZE:20
2023-05-10 11:49:14,285 - embed-server - INFO - *클러스터링 Settings: CLUSTRING_MODE:kmeans, NUM_CLUSTERS:10, NUM_CLUSTERS_VARIABLE:True, OUTMODE:mean
2023-05-10 11:49:14,285 - embed-server - INFO - *문장전처리 Settings: REMOVE_SENTENCE_LEN:8, REMOVE_DUPLICATION:False
2023-05-10 11:49:14,285 - embed-server - INFO - *검색 Settings: VECTOR_MAG:0.8
2023-05-10 11:49:15,614 - embed-server - INFO - 
---bi_encoder---------------------------
2023-05-10 11:49:15,615 - embed-server - INFO - SentenceTransformer(
  (0): Transformer({'max_seq_length': 512, 'do_lower_case': True}) with Transformer model: BertModel 
  (1): Pooling({'word_embedding_dimension': 768, 'pooling_mode_cls_token': False, 'pooling_mode_mean_tokens': True, 'pooling_mode_max_tokens': False, 'pooling_mode_mean_sqrt_len_tokens': False})
  (2): Dense({'in_features': 768, 'out_features': 128, 'bias': True, 'activation_function': 'torch.nn.modules.activation.Tanh'})
)
2023-05-10 11:49:15,615 - embed-server - INFO - Transformer({'max_seq_length': 512, 'do_lower_case': True}) with Transformer model: BertModel 
2023-05-10 11:49:15,615 - embed-server - INFO - 
----------------------------------------
2023-05-10 11:50:11,790 - embed-server - INFO - 
delete /es/test5/docs start-----
id:10001
2023-05-10 11:50:37,404 - embed-server - INFO - 
delete /es/test5/docs start-----
id:10001
2023-05-10 11:50:37,411 - embed-server - ERROR - delete /es/test5/docs async_es_embed_delete fail=>local variable 'id' referenced before assignment
2023-05-10 11:52:02,004 - embed-server - INFO - /es/test5/docs start-----
ES_URL:http://10.10.4.10:9200/, esindex:test5, createindex:False, uids:['10001'], titles:['RESTAPI란']
2023-05-10 11:52:02,005 - embed-server - INFO - /embed/es 1.Elasticsearch connect success=>http://10.10.4.10:9200/
2023-05-10 11:52:02,012 - embed-server - INFO - /embed/es 2.load_docs success
2023-05-10 11:52:02,027 - embed-server - INFO - /embed/es 3.get_sentences success=>len(doc_sentences):1
2023-05-10 11:52:02,032 - embed-server - INFO - /embed/es 4.create_index success=>index_file:./data/mpower10u_128d_10.json, index_name:test5
2023-05-10 11:52:02,129 - embed-server - INFO - *[index_data] embeddings.shape: (1, 128)
2023-05-10 11:52:02,130 - embed-server - INFO - *[index_data] cluster emb.shape: (1, 128)
2023-05-10 11:52:02,153 - embed-server - INFO - [index_data](2) Indexed 1 documents.
2023-05-10 11:52:02,166 - embed-server - INFO - *인덱싱 시간 : 0.1332

2023-05-10 11:52:02,166 - embed-server - INFO - /embed/es 5.index_data success
end-----

2023-05-10 11:53:32,206 - embed-server - INFO - *환경 Settings: LOG_PATH:./log/embed, SEED:111, DEVICE:cpu
2023-05-10 11:53:32,206 - embed-server - INFO - *모델 Settings: MODEL_PATH:../../data11/model/kpf-sbert-128d-v1, POLLING_MODE:mean, OUT_DIMENSION:128
2023-05-10 11:53:32,206 - embed-server - INFO - *임베딩 Settings: EMBEDDING_METHOD:0, FLOAT_TYPE:float16
2023-05-10 11:53:32,206 - embed-server - INFO - *ES Settings: ES_URL:http://10.10.4.10:9200/, ES_INDEX_FILE:./data/mpower10u_128d_10.json, BATCH_SIZE:20
2023-05-10 11:53:32,206 - embed-server - INFO - *클러스터링 Settings: CLUSTRING_MODE:kmeans, NUM_CLUSTERS:10, NUM_CLUSTERS_VARIABLE:True, OUTMODE:mean
2023-05-10 11:53:32,206 - embed-server - INFO - *문장전처리 Settings: REMOVE_SENTENCE_LEN:8, REMOVE_DUPLICATION:False
2023-05-10 11:53:32,206 - embed-server - INFO - *검색 Settings: VECTOR_MAG:0.8
2023-05-10 11:53:33,515 - embed-server - INFO - 
---bi_encoder---------------------------
2023-05-10 11:53:33,515 - embed-server - INFO - SentenceTransformer(
  (0): Transformer({'max_seq_length': 512, 'do_lower_case': True}) with Transformer model: BertModel 
  (1): Pooling({'word_embedding_dimension': 768, 'pooling_mode_cls_token': False, 'pooling_mode_mean_tokens': True, 'pooling_mode_max_tokens': False, 'pooling_mode_mean_sqrt_len_tokens': False})
  (2): Dense({'in_features': 768, 'out_features': 128, 'bias': True, 'activation_function': 'torch.nn.modules.activation.Tanh'})
)
2023-05-10 11:53:33,515 - embed-server - INFO - Transformer({'max_seq_length': 512, 'do_lower_case': True}) with Transformer model: BertModel 
2023-05-10 11:53:33,516 - embed-server - INFO - 
----------------------------------------
2023-05-10 11:54:11,947 - embed-server - INFO - *환경 Settings: LOG_PATH:./log/embed, SEED:111, DEVICE:cpu
2023-05-10 11:54:11,947 - embed-server - INFO - *모델 Settings: MODEL_PATH:../../data11/model/kpf-sbert-128d-v1, POLLING_MODE:mean, OUT_DIMENSION:128
2023-05-10 11:54:11,947 - embed-server - INFO - *임베딩 Settings: EMBEDDING_METHOD:0, FLOAT_TYPE:float16
2023-05-10 11:54:11,947 - embed-server - INFO - *ES Settings: ES_URL:http://10.10.4.10:9200/, ES_INDEX_FILE:./data/mpower10u_128d_10.json, BATCH_SIZE:20
2023-05-10 11:54:11,947 - embed-server - INFO - *클러스터링 Settings: CLUSTRING_MODE:kmeans, NUM_CLUSTERS:10, NUM_CLUSTERS_VARIABLE:True, OUTMODE:mean
2023-05-10 11:54:11,947 - embed-server - INFO - *문장전처리 Settings: REMOVE_SENTENCE_LEN:8, REMOVE_DUPLICATION:False
2023-05-10 11:54:11,947 - embed-server - INFO - *검색 Settings: VECTOR_MAG:0.8
2023-05-10 11:54:13,251 - embed-server - INFO - 
---bi_encoder---------------------------
2023-05-10 11:54:13,252 - embed-server - INFO - SentenceTransformer(
  (0): Transformer({'max_seq_length': 512, 'do_lower_case': True}) with Transformer model: BertModel 
  (1): Pooling({'word_embedding_dimension': 768, 'pooling_mode_cls_token': False, 'pooling_mode_mean_tokens': True, 'pooling_mode_max_tokens': False, 'pooling_mode_mean_sqrt_len_tokens': False})
  (2): Dense({'in_features': 768, 'out_features': 128, 'bias': True, 'activation_function': 'torch.nn.modules.activation.Tanh'})
)
2023-05-10 11:54:13,252 - embed-server - INFO - Transformer({'max_seq_length': 512, 'do_lower_case': True}) with Transformer model: BertModel 
2023-05-10 11:54:13,252 - embed-server - INFO - 
----------------------------------------
2023-05-10 13:16:23,244 - embed-server - INFO - *환경 Settings: LOG_PATH:./log/embed, SEED:111, DEVICE:cpu
2023-05-10 13:16:23,244 - embed-server - INFO - *모델 Settings: MODEL_PATH:../../data11/model/kpf-sbert-128d-v1, POLLING_MODE:mean, OUT_DIMENSION:128
2023-05-10 13:16:23,244 - embed-server - INFO - *임베딩 Settings: EMBEDDING_METHOD:0, FLOAT_TYPE:float16
2023-05-10 13:16:23,244 - embed-server - INFO - *ES Settings: ES_URL:http://10.10.4.10:9200/, ES_INDEX_FILE:./data/mpower10u_128d_10.json, BATCH_SIZE:20
2023-05-10 13:16:23,244 - embed-server - INFO - *클러스터링 Settings: CLUSTRING_MODE:kmeans, NUM_CLUSTERS:10, NUM_CLUSTERS_VARIABLE:True, OUTMODE:mean
2023-05-10 13:16:23,244 - embed-server - INFO - *문장전처리 Settings: REMOVE_SENTENCE_LEN:8, REMOVE_DUPLICATION:False
2023-05-10 13:16:23,244 - embed-server - INFO - *검색 Settings: VECTOR_MAG:0.8
2023-05-10 13:16:24,541 - embed-server - INFO - 
---bi_encoder---------------------------
2023-05-10 13:16:24,541 - embed-server - INFO - SentenceTransformer(
  (0): Transformer({'max_seq_length': 512, 'do_lower_case': True}) with Transformer model: BertModel 
  (1): Pooling({'word_embedding_dimension': 768, 'pooling_mode_cls_token': False, 'pooling_mode_mean_tokens': True, 'pooling_mode_max_tokens': False, 'pooling_mode_mean_sqrt_len_tokens': False})
  (2): Dense({'in_features': 768, 'out_features': 128, 'bias': True, 'activation_function': 'torch.nn.modules.activation.Tanh'})
)
2023-05-10 13:16:24,542 - embed-server - INFO - Transformer({'max_seq_length': 512, 'do_lower_case': True}) with Transformer model: BertModel 
2023-05-10 13:16:24,542 - embed-server - INFO - 
----------------------------------------
2023-05-10 13:16:32,109 - embed-server - INFO - 
delete /es/test5/docs start-----
id:10001
2023-05-10 13:16:42,613 - embed-server - INFO - /es/test5/docs start-----
ES_URL:http://10.10.4.10:9200/, esindex:test5, createindex:False, uids:['10001'], titles:['RESTAPI란']
2023-05-10 13:16:42,614 - embed-server - INFO - /embed/es 1.Elasticsearch connect success=>http://10.10.4.10:9200/
2023-05-10 13:16:42,618 - embed-server - INFO - /embed/es 2.load_docs success
2023-05-10 13:16:42,631 - embed-server - INFO - /embed/es 3.get_sentences success=>len(doc_sentences):1
2023-05-10 13:16:42,637 - embed-server - INFO - /embed/es 4.create_index success=>index_file:./data/mpower10u_128d_10.json, index_name:test5
2023-05-10 13:16:42,747 - embed-server - INFO - *[index_data] embeddings.shape: (1, 128)
2023-05-10 13:16:42,748 - embed-server - INFO - *[index_data] cluster emb.shape: (1, 128)
2023-05-10 13:16:42,775 - embed-server - INFO - [index_data](2) Indexed 1 documents.
2023-05-10 13:16:42,789 - embed-server - INFO - *인덱싱 시간 : 0.1517

2023-05-10 13:16:42,790 - embed-server - INFO - /embed/es 5.index_data success
end-----

2023-05-10 13:16:47,013 - embed-server - INFO - /es/test5/docs start-----
ES_URL:http://10.10.4.10:9200/, esindex:test5, createindex:False, uids:['10001'], titles:['RESTAPI란2']
2023-05-10 13:16:47,014 - embed-server - INFO - /embed/es 1.Elasticsearch connect success=>http://10.10.4.10:9200/
2023-05-10 13:16:47,015 - embed-server - INFO - /embed/es 2.load_docs success
2023-05-10 13:16:47,021 - embed-server - INFO - /embed/es 3.get_sentences success=>len(doc_sentences):1
2023-05-10 13:16:47,026 - embed-server - INFO - /embed/es 4.create_index success=>index_file:./data/mpower10u_128d_10.json, index_name:test5
2023-05-10 13:16:47,114 - embed-server - INFO - *[index_data] embeddings.shape: (1, 128)
2023-05-10 13:16:47,114 - embed-server - INFO - *[index_data] cluster emb.shape: (1, 128)
2023-05-10 13:16:47,132 - embed-server - INFO - [index_data](2) Indexed 1 documents.
2023-05-10 13:16:47,144 - embed-server - INFO - *인덱싱 시간 : 0.1175

2023-05-10 13:16:47,144 - embed-server - INFO - /embed/es 5.index_data success
end-----

2023-05-10 13:17:04,854 - embed-server - INFO - 
delete /es/test5/docs start-----
id:10001
2023-05-10 14:00:29,730 - embed-server - INFO - *환경 Settings: LOG_PATH:./log/embed, SEED:111, DEVICE:cpu
2023-05-10 14:00:29,730 - embed-server - INFO - *host:0.0.0.0, port:9000
2023-05-10 14:00:29,730 - embed-server - INFO - *모델 Settings: MODEL_PATH:../../data11/model/kpf-sbert-128d-v1, POLLING_MODE:mean, OUT_DIMENSION:128
2023-05-10 14:00:29,730 - embed-server - INFO - *임베딩 Settings: EMBEDDING_METHOD:0, FLOAT_TYPE:float16
2023-05-10 14:00:29,730 - embed-server - INFO - *ES Settings: ES_URL:http://10.10.4.10:9200/, ES_INDEX_FILE:./data/mpower10u_128d_10.json, BATCH_SIZE:20
2023-05-10 14:00:29,730 - embed-server - INFO - *클러스터링 Settings: CLUSTRING_MODE:kmeans, NUM_CLUSTERS:10, NUM_CLUSTERS_VARIABLE:True, OUTMODE:mean
2023-05-10 14:00:29,730 - embed-server - INFO - *문장전처리 Settings: REMOVE_SENTENCE_LEN:8, REMOVE_DUPLICATION:False
2023-05-10 14:00:29,730 - embed-server - INFO - *검색 Settings: VECTOR_MAG:0.8
2023-05-10 14:00:30,877 - embed-server - INFO - 
---bi_encoder---------------------------
2023-05-10 14:00:30,878 - embed-server - INFO - SentenceTransformer(
  (0): Transformer({'max_seq_length': 512, 'do_lower_case': True}) with Transformer model: BertModel 
  (1): Pooling({'word_embedding_dimension': 768, 'pooling_mode_cls_token': False, 'pooling_mode_mean_tokens': True, 'pooling_mode_max_tokens': False, 'pooling_mode_mean_sqrt_len_tokens': False})
  (2): Dense({'in_features': 768, 'out_features': 128, 'bias': True, 'activation_function': 'torch.nn.modules.activation.Tanh'})
)
2023-05-10 14:00:30,878 - embed-server - INFO - Transformer({'max_seq_length': 512, 'do_lower_case': True}) with Transformer model: BertModel 
2023-05-10 14:00:30,878 - embed-server - INFO - 
----------------------------------------
2023-05-10 14:01:23,359 - embed-server - INFO - *환경 Settings: LOG_PATH:./log/embed, SEED:111, DEVICE:cpu
2023-05-10 14:01:23,359 - embed-server - INFO - *모델 Settings: MODEL_PATH:../../data11/model/kpf-sbert-128d-v1, POLLING_MODE:mean, OUT_DIMENSION:128
2023-05-10 14:01:23,359 - embed-server - INFO - *임베딩 Settings: EMBEDDING_METHOD:0, FLOAT_TYPE:float16
2023-05-10 14:01:23,359 - embed-server - INFO - *ES Settings: ES_URL:http://10.10.4.10:9200/, ES_INDEX_FILE:./data/mpower10u_128d_10.json, BATCH_SIZE:20
2023-05-10 14:01:23,359 - embed-server - INFO - *클러스터링 Settings: CLUSTRING_MODE:kmeans, NUM_CLUSTERS:10, NUM_CLUSTERS_VARIABLE:True, OUTMODE:mean
2023-05-10 14:01:23,359 - embed-server - INFO - *문장전처리 Settings: REMOVE_SENTENCE_LEN:8, REMOVE_DUPLICATION:False
2023-05-10 14:01:23,360 - embed-server - INFO - *검색 Settings: VECTOR_MAG:0.8
2023-05-10 14:01:24,784 - embed-server - INFO - 
---bi_encoder---------------------------
2023-05-10 14:01:24,784 - embed-server - INFO - SentenceTransformer(
  (0): Transformer({'max_seq_length': 512, 'do_lower_case': True}) with Transformer model: BertModel 
  (1): Pooling({'word_embedding_dimension': 768, 'pooling_mode_cls_token': False, 'pooling_mode_mean_tokens': True, 'pooling_mode_max_tokens': False, 'pooling_mode_mean_sqrt_len_tokens': False})
  (2): Dense({'in_features': 768, 'out_features': 128, 'bias': True, 'activation_function': 'torch.nn.modules.activation.Tanh'})
)
2023-05-10 14:01:24,784 - embed-server - INFO - Transformer({'max_seq_length': 512, 'do_lower_case': True}) with Transformer model: BertModel 
2023-05-10 14:01:24,784 - embed-server - INFO - 
----------------------------------------
2023-05-10 14:02:06,188 - embed-server - INFO - 
get /es/mpower-kpf-128d-f16-variable/docs start-----
query:문서중앙화, search_size:5
2023-05-10 14:02:06,316 - embed-server - INFO - [es_embed_query] query:문서중앙화 docs:[{'rfile_name': 1231, 'rfile_text': '시큐어디스크Privacy제안서', 'score': 1.0307001}, {'rfile_name': 1085, 'rfile_text': 'V10 사용자 매뉴얼-v1.0', 'score': 0.9398486}, {'rfile_name': 1247, 'rfile_text': '지능형 문서관리- 인공지능 사전학습_V1.0', 'score': 0.91571224}, {'rfile_name': 1178, 'rfile_text': '6.전자문서처리단계별위·변조방지방안', 'score': 0.9052414}, {'rfile_name': 1032, 'rfile_text': 'KM, ECM 통합검색 시스템 구축사례', 'score': 0.8935655}]
2023-05-10 14:02:30,787 - embed-server - INFO - 
get /es/mpower-kpf-128d-f16-variable/docs start-----
query:휴가신청서, search_size:5
2023-05-10 14:02:30,895 - embed-server - INFO - [es_embed_query] query:휴가신청서 docs:[{'rfile_name': 1025, 'rfile_text': 'IaaS 유망 기업 모집 관련 문서', 'score': 0.8165145}, {'rfile_name': 1186, 'rfile_text': '[KISA]클라우드서비스 보안인증 명세서_사업자명', 'score': 0.8087335}, {'rfile_name': 1123, 'rfile_text': '20.장기근속포상규정', 'score': 0.79787886}, {'rfile_name': 1239, 'rfile_text': '유망SaaS 개발 및 육성 사업 안내서', 'score': 0.7905447}, {'rfile_name': 1185, 'rfile_text': '[KISA]취약점 점검 및 침투테스트 동의서_사업자명', 'score': 0.75469345}]
2023-05-10 14:02:53,747 - embed-server - INFO - 
get /es/mpower-kpf-128d-f16-variable/docs start-----
query:직급별 휴가 신청 방법, search_size:5
2023-05-10 14:02:53,855 - embed-server - INFO - [es_embed_query] query:직급별 휴가 신청 방법 docs:[{'rfile_name': 1187, 'rfile_text': '02.경력산정 지침', 'score': 0.78967834}, {'rfile_name': 1216, 'rfile_text': '18.인사위원회 운영규정', 'score': 0.75237423}, {'rfile_name': 1143, 'rfile_text': '모코엠시스 신규입사자 입문교육', 'score': 0.7360276}, {'rfile_name': 1160, 'rfile_text': '29.휴일근무자 식대 및 교통비 보조', 'score': 0.73214173}, {'rfile_name': 1202, 'rfile_text': '09.상벌관리지침', 'score': 0.7266147}]
2023-05-10 14:03:25,992 - embed-server - INFO - 
get /es/mpower-kpf-128d-f16-variable/docs start-----
query:휴가 신청 결제선 지정 방법, search_size:5
2023-05-10 14:03:26,111 - embed-server - INFO - [es_embed_query] query:휴가 신청 결제선 지정 방법 docs:[{'rfile_name': 1234, 'rfile_text': '시큐어디스크 관리자 매뉴얼', 'score': 0.9588532}, {'rfile_name': 1235, 'rfile_text': '시큐어디스크 사용자 매뉴얼', 'score': 0.8558581}, {'rfile_name': 1085, 'rfile_text': 'V10 사용자 매뉴얼-v1.0', 'score': 0.73673487}, {'rfile_name': 1134, 'rfile_text': '25.출장여비규정', 'score': 0.71928066}, {'rfile_name': 1199, 'rfile_text': '[붙임1]+미래성장유망+20대+전략분야+70개+세부전략분야', 'score': 0.7060641}]
2023-05-10 14:03:43,249 - embed-server - INFO - 
get /es/mpower-kpf-128d-f16-variable/docs start-----
query:휴가 신청 과정, search_size:5
2023-05-10 14:03:43,365 - embed-server - INFO - [es_embed_query] query:휴가 신청 과정 docs:[{'rfile_name': 1239, 'rfile_text': '유망SaaS 개발 및 육성 사업 안내서', 'score': 0.79004955}, {'rfile_name': 1025, 'rfile_text': 'IaaS 유망 기업 모집 관련 문서', 'score': 0.76557297}, {'rfile_name': 1228, 'rfile_text': '엠파워 클라우드 솔루션 기능 규격서', 'score': 0.76083946}, {'rfile_name': 1122, 'rfile_text': '2010_중소기업서비스연구개발사업_시행계획_공고', 'score': 0.73916453}, {'rfile_name': 1143, 'rfile_text': '모코엠시스 신규입사자 입문교육', 'score': 0.73769593}]
2023-05-10 14:03:55,018 - embed-server - INFO - 
get /es/mpower-kpf-128d-f16-variable/docs start-----
query:휴가신청 지침, search_size:5
2023-05-10 14:03:55,130 - embed-server - INFO - [es_embed_query] query:휴가신청 지침 docs:[{'rfile_name': 1123, 'rfile_text': '20.장기근속포상규정', 'score': 0.7332738}, {'rfile_name': 1186, 'rfile_text': '[KISA]클라우드서비스 보안인증 명세서_사업자명', 'score': 0.6603057}, {'rfile_name': 1239, 'rfile_text': '유망SaaS 개발 및 육성 사업 안내서', 'score': 0.6545959}, {'rfile_name': 1025, 'rfile_text': 'IaaS 유망 기업 모집 관련 문서', 'score': 0.6494547}, {'rfile_name': 1187, 'rfile_text': '02.경력산정 지침', 'score': 0.64267194}]
2023-05-10 14:04:26,289 - embed-server - INFO - 
get /es/mpower-kpf-128d-f16-variable/docs start-----
query:근속 휴가 수당은 얼마?, search_size:5
2023-05-10 14:04:26,416 - embed-server - INFO - [es_embed_query] query:근속 휴가 수당은 얼마? docs:[{'rfile_name': 1143, 'rfile_text': '모코엠시스 신규입사자 입문교육', 'score': 0.75933117}, {'rfile_name': 1129, 'rfile_text': '2023년 유망 SaaS 개발·육성 지원', 'score': 0.7254732}, {'rfile_name': 1006, 'rfile_text': '회사 직원 급여관련 규정', 'score': 0.70213366}, {'rfile_name': 1107, 'rfile_text': '그룹 함수 사용 방법', 'score': 0.69390684}, {'rfile_name': 1136, 'rfile_text': '26.취업규칙', 'score': 0.64753276}]
2023-05-10 14:04:50,684 - embed-server - INFO - 
get /es/mpower-kpf-128d-f16-variable/docs start-----
query:2023년 야근 식대는 얼마?, search_size:5
2023-05-10 14:04:50,838 - embed-server - INFO - [es_embed_query] query:2023년 야근 식대는 얼마? docs:[{'rfile_name': 1136, 'rfile_text': '26.취업규칙', 'score': 0.6757304}, {'rfile_name': 1123, 'rfile_text': '20.장기근속포상규정', 'score': 0.5362581}, {'rfile_name': 1094, 'rfile_text': '모코엠시스-Mpower EZis-V 소개서', 'score': 0.53483814}, {'rfile_name': 1251, 'rfile_text': '출퇴근 관리 시스템 도입에 따른 근무 관련 메뉴얼', 'score': 0.5310364}, {'rfile_name': 1111, 'rfile_text': '국가과학기술표준분류체계', 'score': 0.5262895}]
2023-05-10 14:05:27,268 - embed-server - INFO - 
get /es/mpower-kpf-128d-f16-variable/docs start-----
query:문서중앙화 관리서버 설치 과정, search_size:5
2023-05-10 14:05:27,455 - embed-server - INFO - [es_embed_query] query:문서중앙화 관리서버 설치 과정 docs:[{'rfile_name': 1231, 'rfile_text': '시큐어디스크Privacy제안서', 'score': 1.0289962}, {'rfile_name': 1085, 'rfile_text': 'V10 사용자 매뉴얼-v1.0', 'score': 0.9383605}, {'rfile_name': 1178, 'rfile_text': '6.전자문서처리단계별위·변조방지방안', 'score': 0.91875887}, {'rfile_name': 1246, 'rfile_text': '중소기업기술개발 지원사업에 과제의 최종보고서', 'score': 0.91559345}, {'rfile_name': 1204, 'rfile_text': '1_사업계획서(보안파일서버 시스템 도입) (002)_V1', 'score': 0.8888772}]
2023-05-10 14:06:07,105 - embed-server - INFO - 
get /es/mpower-kpf-128d-f16-variable/docs start-----
query:문서중앙화 관리서버 처음 설치시 지원 os 설치 과정을 알고 싶어요, search_size:5
2023-05-10 14:06:07,228 - embed-server - INFO - [es_embed_query] query:문서중앙화 관리서버 처음 설치시 지원 os 설치 과정을 알고 싶어요 docs:[{'rfile_name': 1178, 'rfile_text': '6.전자문서처리단계별위·변조방지방안', 'score': 0.8430256}, {'rfile_name': 1231, 'rfile_text': '시큐어디스크Privacy제안서', 'score': 0.7508492}, {'rfile_name': 1143, 'rfile_text': '모코엠시스 신규입사자 입문교육', 'score': 0.7462801}, {'rfile_name': 1186, 'rfile_text': '[KISA]클라우드서비스 보안인증 명세서_사업자명', 'score': 0.717616}, {'rfile_name': 1227, 'rfile_text': '신성장 유망서비스 전략과제별 설명서', 'score': 0.7045055}]
2023-05-10 14:06:37,746 - embed-server - INFO - 
get /es/mpower-kpf-128d-f16-variable/docs start-----
query:문서중앙화 솔루션은 윈도우 11을 지원하나요?, search_size:5
2023-05-10 14:06:37,856 - embed-server - INFO - [es_embed_query] query:문서중앙화 솔루션은 윈도우 11을 지원하나요? docs:[{'rfile_name': 1144, 'rfile_text': '모코엠시스 정보 보안 관리 규정', 'score': 0.72619665}, {'rfile_name': 1231, 'rfile_text': '시큐어디스크Privacy제안서', 'score': 0.7216938}, {'rfile_name': 1195, 'rfile_text': '05_웹표준과HTML5', 'score': 0.69182855}, {'rfile_name': 1215, 'rfile_text': '16.이사회운영규정', 'score': 0.6720231}, {'rfile_name': 1086, 'rfile_text': 'v10_영문화 작업 가이드', 'score': 0.6718156}]
2023-05-10 14:07:15,211 - embed-server - INFO - 
get /es/mpower-kpf-128d-f16-variable/docs start-----
query:EZis-C 제품 설명서, search_size:5
2023-05-10 14:07:15,318 - embed-server - INFO - [es_embed_query] query:EZis-C 제품 설명서 docs:[{'rfile_name': 1246, 'rfile_text': '중소기업기술개발 지원사업에 과제의 최종보고서', 'score': 0.83317435}, {'rfile_name': 1236, 'rfile_text': '암호화 방식 소개', 'score': 0.7812021}, {'rfile_name': 1230, 'rfile_text': '소프트웨어_개발보안_가이드', 'score': 0.7503665}, {'rfile_name': 1043, 'rfile_text': 'Knowledge Distillation(지식 증류) 란ppt', 'score': 0.7485769}, {'rfile_name': 1051, 'rfile_text': 'lec13.그래픽 객체를 사용한 애니메이션-1-v4', 'score': 0.7477451}]
2023-05-10 14:07:27,053 - embed-server - INFO - 
get /es/mpower-kpf-128d-f16-variable/docs start-----
query:EZis-C 사용 설명서, search_size:5
2023-05-10 14:07:27,148 - embed-server - INFO - [es_embed_query] query:EZis-C 사용 설명서 docs:[{'rfile_name': 1230, 'rfile_text': '소프트웨어_개발보안_가이드', 'score': 0.7565661}, {'rfile_name': 1236, 'rfile_text': '암호화 방식 소개', 'score': 0.7454462}, {'rfile_name': 1204, 'rfile_text': '1_사업계획서(보안파일서버 시스템 도입) (002)_V1', 'score': 0.72591186}, {'rfile_name': 1246, 'rfile_text': '중소기업기술개발 지원사업에 과제의 최종보고서', 'score': 0.7253254}, {'rfile_name': 1178, 'rfile_text': '6.전자문서처리단계별위·변조방지방안', 'score': 0.7061803}]
2023-05-10 14:07:48,525 - embed-server - INFO - 
get /es/mpower-kpf-128d-f16-variable/docs start-----
query:엠파워 관리자 설명서, search_size:5
2023-05-10 14:07:48,632 - embed-server - INFO - [es_embed_query] query:엠파워 관리자 설명서 docs:[{'rfile_name': 1085, 'rfile_text': 'V10 사용자 매뉴얼-v1.0', 'score': 0.88006735}, {'rfile_name': 1234, 'rfile_text': '시큐어디스크 관리자 매뉴얼', 'score': 0.8705124}, {'rfile_name': 1231, 'rfile_text': '시큐어디스크Privacy제안서', 'score': 0.82728684}, {'rfile_name': 1178, 'rfile_text': '6.전자문서처리단계별위·변조방지방안', 'score': 0.819168}, {'rfile_name': 1159, 'rfile_text': '보안파일서버 사용자 기능 설명', 'score': 0.8146312}]
2023-05-10 14:08:06,292 - embed-server - INFO - 
get /es/mpower-kpf-128d-f16-variable/docs start-----
query:이지스씨 관리자 매뉴얼, search_size:5
2023-05-10 14:08:06,410 - embed-server - INFO - [es_embed_query] query:이지스씨 관리자 매뉴얼 docs:[{'rfile_name': 1018, 'rfile_text': '커맨드에서 소스 세이프 사용하는 방법', 'score': 0.74695176}, {'rfile_name': 1041, 'rfile_text': 'M드라이브 V9 관리자 메뉴얼', 'score': 0.73686683}, {'rfile_name': 1118, 'rfile_text': '교육 안내서_Python과 Pytorch를 활용한 인공지능 딥러닝 입문 과정', 'score': 0.7289308}, {'rfile_name': 1204, 'rfile_text': '1_사업계획서(보안파일서버 시스템 도입) (002)_V1', 'score': 0.7272073}, {'rfile_name': 1177, 'rfile_text': '6.전략사업부 사업계획서', 'score': 0.7269289}]
2023-05-10 14:08:44,163 - embed-server - INFO - 
get /es/mpower-kpf-128d-f16-variable/docs start-----
query:모코엠시스 사업자 등록증, search_size:5
2023-05-10 14:08:44,263 - embed-server - INFO - [es_embed_query] query:모코엠시스 사업자 등록증 docs:[{'rfile_name': 1217, 'rfile_text': '19.인장관리규정', 'score': 1.0923355}, {'rfile_name': 1225, 'rfile_text': '소프트웨어관리규정', 'score': 1.0480196}, {'rfile_name': 1130, 'rfile_text': '21.주택자금대출제도', 'score': 0.99384785}, {'rfile_name': 1223, 'rfile_text': '웹하드 고도화 관련 착수 보고서', 'score': 0.96319085}, {'rfile_name': 1205, 'rfile_text': '10.소프트웨어관리규정', 'score': 0.9543424}]
