2023-05-02 09:00:51,121 - embed-server - INFO - *환경 Settings: LOG_PATH:./log/embed, SEED:111, DEVICE:cpu
2023-05-02 09:00:51,121 - embed-server - INFO - *host:0.0.0.0, port:9000
2023-05-02 09:00:51,121 - embed-server - INFO - *모델 Settings: MODEL_PATH:../../data11/model/kpf-sbert-128d-v1, POLLING_MODE:mean, OUT_DIMENSION:128
2023-05-02 09:00:51,121 - embed-server - INFO - *임베딩 Settings: EMBEDDING_METHOD:1, FLOAT_TYPE:float16
2023-05-02 09:00:51,121 - embed-server - INFO - *ES Settings: ES_URL:http://10.10.4.10:19200/, ES_INDEX_FILE:./data/mpower10u_128d_1.json, BATCH_SIZE:20
2023-05-02 09:00:51,121 - embed-server - INFO - *클러스터링 Settings: CLUSTRING_MODE:kmeans, NUM_CLUSTERS:10, NUM_CLUSTERS_VARIABLE:False, OUTMODE:mean
2023-05-02 09:00:51,121 - embed-server - INFO - *문장전처리 Settings: REMOVE_SENTENCE_LEN:8, REMOVE_DUPLICATION:False
2023-05-02 09:00:51,121 - embed-server - INFO - *검색 Settings: VECTOR_MAG:0.8
2023-05-02 09:00:52,336 - embed-server - INFO - 
---bi_encoder---------------------------
2023-05-02 09:00:52,336 - embed-server - INFO - SentenceTransformer(
  (0): Transformer({'max_seq_length': 512, 'do_lower_case': True}) with Transformer model: BertModel 
  (1): Pooling({'word_embedding_dimension': 768, 'pooling_mode_cls_token': False, 'pooling_mode_mean_tokens': True, 'pooling_mode_max_tokens': False, 'pooling_mode_mean_sqrt_len_tokens': False})
  (2): Dense({'in_features': 768, 'out_features': 128, 'bias': True, 'activation_function': 'torch.nn.modules.activation.Tanh'})
)
2023-05-02 09:00:52,336 - embed-server - INFO - Transformer({'max_seq_length': 512, 'do_lower_case': True}) with Transformer model: BertModel 
2023-05-02 09:00:52,336 - embed-server - INFO - 
----------------------------------------
2023-05-02 09:01:12,988 - embed-server - INFO - /embed/es start-----
ES_URL:http://10.10.4.10:19200/, esindex:test, createindex:False, uids:['11'], titles:['111']
2023-05-02 09:01:12,990 - embed-server - INFO - /embed/es 1.Elasticsearch connect success
2023-05-02 09:01:12,994 - embed-server - INFO - /embed/es 2.load_docs success
2023-05-02 09:01:13,003 - embed-server - INFO - /embed/es 3.get_sentences success=>len(doc_sentences):1
2023-05-02 09:01:13,008 - embed-server - INFO - /embed/es create_index fail : ConnectionError(<urllib3.connection.HTTPConnection object at 0x7f21f63b7700>: Failed to establish a new connection: [Errno 111] Connection refused) caused by: NewConnectionError(<urllib3.connection.HTTPConnection object at 0x7f21f63b7700>: Failed to establish a new connection: [Errno 111] Connection refused)
2023-05-02 09:02:11,774 - embed-server - INFO - *환경 Settings: LOG_PATH:./log/embed, SEED:111, DEVICE:cpu
2023-05-02 09:02:11,775 - embed-server - INFO - *host:0.0.0.0, port:9000
2023-05-02 09:02:11,775 - embed-server - INFO - *모델 Settings: MODEL_PATH:../../data11/model/kpf-sbert-128d-v1, POLLING_MODE:mean, OUT_DIMENSION:128
2023-05-02 09:02:11,775 - embed-server - INFO - *임베딩 Settings: EMBEDDING_METHOD:1, FLOAT_TYPE:float16
2023-05-02 09:02:11,775 - embed-server - INFO - *ES Settings: ES_URL:http://10.10.4.10:19200/, ES_INDEX_FILE:./data/mpower10u_128d_1.json, BATCH_SIZE:20
2023-05-02 09:02:11,775 - embed-server - INFO - *클러스터링 Settings: CLUSTRING_MODE:kmeans, NUM_CLUSTERS:10, NUM_CLUSTERS_VARIABLE:False, OUTMODE:mean
2023-05-02 09:02:11,775 - embed-server - INFO - *문장전처리 Settings: REMOVE_SENTENCE_LEN:8, REMOVE_DUPLICATION:False
2023-05-02 09:02:11,775 - embed-server - INFO - *검색 Settings: VECTOR_MAG:0.8
2023-05-02 09:02:13,016 - embed-server - INFO - 
---bi_encoder---------------------------
2023-05-02 09:02:13,016 - embed-server - INFO - SentenceTransformer(
  (0): Transformer({'max_seq_length': 512, 'do_lower_case': True}) with Transformer model: BertModel 
  (1): Pooling({'word_embedding_dimension': 768, 'pooling_mode_cls_token': False, 'pooling_mode_mean_tokens': True, 'pooling_mode_max_tokens': False, 'pooling_mode_mean_sqrt_len_tokens': False})
  (2): Dense({'in_features': 768, 'out_features': 128, 'bias': True, 'activation_function': 'torch.nn.modules.activation.Tanh'})
)
2023-05-02 09:02:13,016 - embed-server - INFO - Transformer({'max_seq_length': 512, 'do_lower_case': True}) with Transformer model: BertModel 
2023-05-02 09:02:13,017 - embed-server - INFO - 
----------------------------------------
2023-05-02 09:02:30,138 - embed-server - INFO - /embed/es start-----
ES_URL:http://10.10.4.10:19200/, esindex:test, createindex:False, uids:['222'], titles:['222']
2023-05-02 09:02:30,140 - embed-server - INFO - /embed/es 1.Elasticsearch connect success
2023-05-02 09:02:30,143 - embed-server - INFO - /embed/es 2.load_docs success
2023-05-02 09:02:30,152 - embed-server - INFO - /embed/es 3.get_sentences success=>len(doc_sentences):1
2023-05-02 09:02:30,158 - embed-server - INFO - /embed/es create_index fail : ConnectionError(<urllib3.connection.HTTPConnection object at 0x7f084ae92760>: Failed to establish a new connection: [Errno 111] Connection refused) caused by: NewConnectionError(<urllib3.connection.HTTPConnection object at 0x7f084ae92760>: Failed to establish a new connection: [Errno 111] Connection refused)
2023-05-02 09:04:05,984 - embed-server - INFO - *환경 Settings: LOG_PATH:./log/embed, SEED:111, DEVICE:cpu
2023-05-02 09:04:05,984 - embed-server - INFO - *host:0.0.0.0, port:9000
2023-05-02 09:04:05,984 - embed-server - INFO - *모델 Settings: MODEL_PATH:../../data11/model/kpf-sbert-128d-v1, POLLING_MODE:mean, OUT_DIMENSION:128
2023-05-02 09:04:05,984 - embed-server - INFO - *임베딩 Settings: EMBEDDING_METHOD:1, FLOAT_TYPE:float16
2023-05-02 09:04:05,984 - embed-server - INFO - *ES Settings: ES_URL:http://10.10.4.10:19200/, ES_INDEX_FILE:./data/mpower10u_128d_1.json, BATCH_SIZE:20
2023-05-02 09:04:05,984 - embed-server - INFO - *클러스터링 Settings: CLUSTRING_MODE:kmeans, NUM_CLUSTERS:10, NUM_CLUSTERS_VARIABLE:False, OUTMODE:mean
2023-05-02 09:04:05,984 - embed-server - INFO - *문장전처리 Settings: REMOVE_SENTENCE_LEN:8, REMOVE_DUPLICATION:False
2023-05-02 09:04:05,984 - embed-server - INFO - *검색 Settings: VECTOR_MAG:0.8
2023-05-02 09:04:07,191 - embed-server - INFO - 
---bi_encoder---------------------------
2023-05-02 09:04:07,192 - embed-server - INFO - SentenceTransformer(
  (0): Transformer({'max_seq_length': 512, 'do_lower_case': True}) with Transformer model: BertModel 
  (1): Pooling({'word_embedding_dimension': 768, 'pooling_mode_cls_token': False, 'pooling_mode_mean_tokens': True, 'pooling_mode_max_tokens': False, 'pooling_mode_mean_sqrt_len_tokens': False})
  (2): Dense({'in_features': 768, 'out_features': 128, 'bias': True, 'activation_function': 'torch.nn.modules.activation.Tanh'})
)
2023-05-02 09:04:07,192 - embed-server - INFO - Transformer({'max_seq_length': 512, 'do_lower_case': True}) with Transformer model: BertModel 
2023-05-02 09:04:07,192 - embed-server - INFO - 
----------------------------------------
2023-05-02 09:04:23,376 - embed-server - INFO - /embed/es start-----
ES_URL:http://10.10.4.10:19200/, esindex:test, createindex:False, uids:['1'], titles:['1']
2023-05-02 09:04:23,378 - embed-server - INFO - /embed/es 1.Elasticsearch connect success
2023-05-02 09:04:23,380 - embed-server - INFO - /embed/es 2.load_docs success
2023-05-02 09:04:23,385 - embed-server - INFO - /embed/es 3.get_sentences success=>len(doc_sentences):1
2023-05-02 09:04:23,390 - embed-server - INFO - /embed/es create_index fail : ConnectionError(<urllib3.connection.HTTPConnection object at 0x7fd3590b5730>: Failed to establish a new connection: [Errno 111] Connection refused) caused by: NewConnectionError(<urllib3.connection.HTTPConnection object at 0x7fd3590b5730>: Failed to establish a new connection: [Errno 111] Connection refused)
2023-05-02 09:06:23,131 - embed-server - INFO - *환경 Settings: LOG_PATH:./log/embed, SEED:111, DEVICE:cpu
2023-05-02 09:06:23,131 - embed-server - INFO - *host:0.0.0.0, port:9000
2023-05-02 09:06:23,131 - embed-server - INFO - *모델 Settings: MODEL_PATH:../../data11/model/kpf-sbert-128d-v1, POLLING_MODE:mean, OUT_DIMENSION:128
2023-05-02 09:06:23,131 - embed-server - INFO - *임베딩 Settings: EMBEDDING_METHOD:1, FLOAT_TYPE:float16
2023-05-02 09:06:23,131 - embed-server - INFO - *ES Settings: ES_URL:http://10.10.4.10:19200/, ES_INDEX_FILE:./data/mpower10u_128d_1.json, BATCH_SIZE:20
2023-05-02 09:06:23,131 - embed-server - INFO - *클러스터링 Settings: CLUSTRING_MODE:kmeans, NUM_CLUSTERS:10, NUM_CLUSTERS_VARIABLE:False, OUTMODE:mean
2023-05-02 09:06:23,131 - embed-server - INFO - *문장전처리 Settings: REMOVE_SENTENCE_LEN:8, REMOVE_DUPLICATION:False
2023-05-02 09:06:23,131 - embed-server - INFO - *검색 Settings: VECTOR_MAG:0.8
2023-05-02 09:06:24,617 - embed-server - INFO - 
---bi_encoder---------------------------
2023-05-02 09:06:24,617 - embed-server - INFO - SentenceTransformer(
  (0): Transformer({'max_seq_length': 512, 'do_lower_case': True}) with Transformer model: BertModel 
  (1): Pooling({'word_embedding_dimension': 768, 'pooling_mode_cls_token': False, 'pooling_mode_mean_tokens': True, 'pooling_mode_max_tokens': False, 'pooling_mode_mean_sqrt_len_tokens': False})
  (2): Dense({'in_features': 768, 'out_features': 128, 'bias': True, 'activation_function': 'torch.nn.modules.activation.Tanh'})
)
2023-05-02 09:06:24,618 - embed-server - INFO - Transformer({'max_seq_length': 512, 'do_lower_case': True}) with Transformer model: BertModel 
2023-05-02 09:06:24,618 - embed-server - INFO - 
----------------------------------------
2023-05-02 09:06:41,340 - embed-server - INFO - /embed/es start-----
ES_URL:http://10.10.4.10:19200/, esindex:test, createindex:False, uids:['11'], titles:['11']
2023-05-02 09:06:41,341 - embed-server - INFO - /embed/es 1.Elasticsearch connect success
2023-05-02 09:06:41,345 - embed-server - INFO - /embed/es 2.load_docs success
2023-05-02 09:06:41,354 - embed-server - INFO - /embed/es 3.get_sentences success=>len(doc_sentences):1
2023-05-02 09:06:41,359 - embed-server - INFO - /embed/es create_index fail : ConnectionError(<urllib3.connection.HTTPConnection object at 0x7f938d9b06d0>: Failed to establish a new connection: [Errno 111] Connection refused) caused by: NewConnectionError(<urllib3.connection.HTTPConnection object at 0x7f938d9b06d0>: Failed to establish a new connection: [Errno 111] Connection refused)
2023-05-02 09:09:05,259 - embed-server - INFO - *환경 Settings: LOG_PATH:./log/embed, SEED:111, DEVICE:cpu
2023-05-02 09:09:05,260 - embed-server - INFO - *host:0.0.0.0, port:9000
2023-05-02 09:09:05,260 - embed-server - INFO - *모델 Settings: MODEL_PATH:../../data11/model/kpf-sbert-128d-v1, POLLING_MODE:mean, OUT_DIMENSION:128
2023-05-02 09:09:05,260 - embed-server - INFO - *임베딩 Settings: EMBEDDING_METHOD:1, FLOAT_TYPE:float16
2023-05-02 09:09:05,260 - embed-server - INFO - *ES Settings: ES_URL:http://10.10.4.10:19200/, ES_INDEX_FILE:./data/mpower10u_128d_1.json, BATCH_SIZE:20
2023-05-02 09:09:05,260 - embed-server - INFO - *클러스터링 Settings: CLUSTRING_MODE:kmeans, NUM_CLUSTERS:10, NUM_CLUSTERS_VARIABLE:False, OUTMODE:mean
2023-05-02 09:09:05,260 - embed-server - INFO - *문장전처리 Settings: REMOVE_SENTENCE_LEN:8, REMOVE_DUPLICATION:False
2023-05-02 09:09:05,260 - embed-server - INFO - *검색 Settings: VECTOR_MAG:0.8
2023-05-02 09:09:06,558 - embed-server - INFO - 
---bi_encoder---------------------------
2023-05-02 09:09:06,558 - embed-server - INFO - SentenceTransformer(
  (0): Transformer({'max_seq_length': 512, 'do_lower_case': True}) with Transformer model: BertModel 
  (1): Pooling({'word_embedding_dimension': 768, 'pooling_mode_cls_token': False, 'pooling_mode_mean_tokens': True, 'pooling_mode_max_tokens': False, 'pooling_mode_mean_sqrt_len_tokens': False})
  (2): Dense({'in_features': 768, 'out_features': 128, 'bias': True, 'activation_function': 'torch.nn.modules.activation.Tanh'})
)
2023-05-02 09:09:06,558 - embed-server - INFO - Transformer({'max_seq_length': 512, 'do_lower_case': True}) with Transformer model: BertModel 
2023-05-02 09:09:06,559 - embed-server - INFO - 
----------------------------------------
2023-05-02 09:09:25,947 - embed-server - INFO - /embed/es start-----
ES_URL:http://10.10.4.10:19200/, esindex:test, createindex:False, uids:['2'], titles:['222']
2023-05-02 09:09:25,949 - embed-server - INFO - /embed/es 1.Elasticsearch connect success
2023-05-02 09:09:25,953 - embed-server - INFO - /embed/es 2.load_docs success
2023-05-02 09:09:25,963 - embed-server - INFO - /embed/es 3.get_sentences success=>len(doc_sentences):1
2023-05-02 09:09:25,969 - embed-server - INFO - /embed/es create_index fail : ConnectionError(<urllib3.connection.HTTPConnection object at 0x7f38cb9c7790>: Failed to establish a new connection: [Errno 111] Connection refused) caused by: NewConnectionError(<urllib3.connection.HTTPConnection object at 0x7f38cb9c7790>: Failed to establish a new connection: [Errno 111] Connection refused)
2023-05-02 09:10:23,390 - embed-server - INFO - *환경 Settings: LOG_PATH:./log/embed, SEED:111, DEVICE:cpu
2023-05-02 09:10:23,390 - embed-server - INFO - *host:0.0.0.0, port:9000
2023-05-02 09:10:23,390 - embed-server - INFO - *모델 Settings: MODEL_PATH:../../data11/model/kpf-sbert-128d-v1, POLLING_MODE:mean, OUT_DIMENSION:128
2023-05-02 09:10:23,390 - embed-server - INFO - *임베딩 Settings: EMBEDDING_METHOD:1, FLOAT_TYPE:float16
2023-05-02 09:10:23,390 - embed-server - INFO - *ES Settings: ES_URL:http://10.10.4.10:19200/, ES_INDEX_FILE:./data/mpower10u_128d_1.json, BATCH_SIZE:20
2023-05-02 09:10:23,390 - embed-server - INFO - *클러스터링 Settings: CLUSTRING_MODE:kmeans, NUM_CLUSTERS:10, NUM_CLUSTERS_VARIABLE:False, OUTMODE:mean
2023-05-02 09:10:23,390 - embed-server - INFO - *문장전처리 Settings: REMOVE_SENTENCE_LEN:8, REMOVE_DUPLICATION:False
2023-05-02 09:10:23,390 - embed-server - INFO - *검색 Settings: VECTOR_MAG:0.8
2023-05-02 09:10:24,665 - embed-server - INFO - 
---bi_encoder---------------------------
2023-05-02 09:10:24,665 - embed-server - INFO - SentenceTransformer(
  (0): Transformer({'max_seq_length': 512, 'do_lower_case': True}) with Transformer model: BertModel 
  (1): Pooling({'word_embedding_dimension': 768, 'pooling_mode_cls_token': False, 'pooling_mode_mean_tokens': True, 'pooling_mode_max_tokens': False, 'pooling_mode_mean_sqrt_len_tokens': False})
  (2): Dense({'in_features': 768, 'out_features': 128, 'bias': True, 'activation_function': 'torch.nn.modules.activation.Tanh'})
)
2023-05-02 09:10:24,666 - embed-server - INFO - Transformer({'max_seq_length': 512, 'do_lower_case': True}) with Transformer model: BertModel 
2023-05-02 09:10:24,666 - embed-server - INFO - 
----------------------------------------
2023-05-02 09:10:39,861 - embed-server - INFO - /embed/es start-----
ES_URL:http://10.10.4.10:19200/, esindex:test, createindex:False, uids:['2'], titles:['2']
2023-05-02 09:10:39,863 - embed-server - INFO - /embed/es 1.Elasticsearch connect success
2023-05-02 09:10:39,867 - embed-server - INFO - /embed/es 2.load_docs success
2023-05-02 09:10:39,875 - embed-server - INFO - /embed/es 3.get_sentences success=>len(doc_sentences):1
2023-05-02 09:10:39,880 - embed-server - INFO - /embed/es create_index fail =>ConnectionError(<urllib3.connection.HTTPConnection object at 0x7f1f46742730>: Failed to establish a new connection: [Errno 111] Connection refused) caused by: NewConnectionError(<urllib3.connection.HTTPConnection object at 0x7f1f46742730>: Failed to establish a new connection: [Errno 111] Connection refused)
2023-05-02 09:12:43,129 - embed-server - INFO - *환경 Settings: LOG_PATH:./log/embed, SEED:111, DEVICE:cpu
2023-05-02 09:12:43,129 - embed-server - INFO - *host:0.0.0.0, port:9000
2023-05-02 09:12:43,129 - embed-server - INFO - *모델 Settings: MODEL_PATH:../../data11/model/kpf-sbert-128d-v1, POLLING_MODE:mean, OUT_DIMENSION:128
2023-05-02 09:12:43,129 - embed-server - INFO - *임베딩 Settings: EMBEDDING_METHOD:1, FLOAT_TYPE:float16
2023-05-02 09:12:43,129 - embed-server - INFO - *ES Settings: ES_URL:http://10.10.4.10:19200/, ES_INDEX_FILE:./data/mpower10u_128d_1.json, BATCH_SIZE:20
2023-05-02 09:12:43,129 - embed-server - INFO - *클러스터링 Settings: CLUSTRING_MODE:kmeans, NUM_CLUSTERS:10, NUM_CLUSTERS_VARIABLE:False, OUTMODE:mean
2023-05-02 09:12:43,129 - embed-server - INFO - *문장전처리 Settings: REMOVE_SENTENCE_LEN:8, REMOVE_DUPLICATION:False
2023-05-02 09:12:43,130 - embed-server - INFO - *검색 Settings: VECTOR_MAG:0.8
2023-05-02 09:12:44,489 - embed-server - INFO - 
---bi_encoder---------------------------
2023-05-02 09:12:44,489 - embed-server - INFO - SentenceTransformer(
  (0): Transformer({'max_seq_length': 512, 'do_lower_case': True}) with Transformer model: BertModel 
  (1): Pooling({'word_embedding_dimension': 768, 'pooling_mode_cls_token': False, 'pooling_mode_mean_tokens': True, 'pooling_mode_max_tokens': False, 'pooling_mode_mean_sqrt_len_tokens': False})
  (2): Dense({'in_features': 768, 'out_features': 128, 'bias': True, 'activation_function': 'torch.nn.modules.activation.Tanh'})
)
2023-05-02 09:12:44,490 - embed-server - INFO - Transformer({'max_seq_length': 512, 'do_lower_case': True}) with Transformer model: BertModel 
2023-05-02 09:12:44,490 - embed-server - INFO - 
----------------------------------------
2023-05-02 09:13:08,047 - embed-server - INFO - *환경 Settings: LOG_PATH:./log/embed, SEED:111, DEVICE:cpu
2023-05-02 09:13:08,047 - embed-server - INFO - *host:0.0.0.0, port:9000
2023-05-02 09:13:08,047 - embed-server - INFO - *모델 Settings: MODEL_PATH:../../data11/model/kpf-sbert-128d-v1, POLLING_MODE:mean, OUT_DIMENSION:128
2023-05-02 09:13:08,047 - embed-server - INFO - *임베딩 Settings: EMBEDDING_METHOD:1, FLOAT_TYPE:float16
2023-05-02 09:13:08,047 - embed-server - INFO - *ES Settings: ES_URL:http://10.10.4.10:19200/, ES_INDEX_FILE:./data/mpower10u_128d_1.json, BATCH_SIZE:20
2023-05-02 09:13:08,047 - embed-server - INFO - *클러스터링 Settings: CLUSTRING_MODE:kmeans, NUM_CLUSTERS:10, NUM_CLUSTERS_VARIABLE:False, OUTMODE:mean
2023-05-02 09:13:08,047 - embed-server - INFO - *문장전처리 Settings: REMOVE_SENTENCE_LEN:8, REMOVE_DUPLICATION:False
2023-05-02 09:13:08,047 - embed-server - INFO - *검색 Settings: VECTOR_MAG:0.8
2023-05-02 09:13:09,221 - embed-server - INFO - 
---bi_encoder---------------------------
2023-05-02 09:13:09,221 - embed-server - INFO - SentenceTransformer(
  (0): Transformer({'max_seq_length': 512, 'do_lower_case': True}) with Transformer model: BertModel 
  (1): Pooling({'word_embedding_dimension': 768, 'pooling_mode_cls_token': False, 'pooling_mode_mean_tokens': True, 'pooling_mode_max_tokens': False, 'pooling_mode_mean_sqrt_len_tokens': False})
  (2): Dense({'in_features': 768, 'out_features': 128, 'bias': True, 'activation_function': 'torch.nn.modules.activation.Tanh'})
)
2023-05-02 09:13:09,221 - embed-server - INFO - Transformer({'max_seq_length': 512, 'do_lower_case': True}) with Transformer model: BertModel 
2023-05-02 09:13:09,221 - embed-server - INFO - 
----------------------------------------
2023-05-02 09:13:28,375 - embed-server - INFO - /embed/es start-----
ES_URL:http://10.10.4.10:19200/, esindex:TEST, createindex:False, uids:['1'], titles:['1111']
2023-05-02 09:13:28,377 - embed-server - INFO - /embed/es 1.Elasticsearch connect success=>http://10.10.4.10:19200/
2023-05-02 09:13:28,380 - embed-server - INFO - /embed/es 2.load_docs success
2023-05-02 09:13:28,388 - embed-server - INFO - /embed/es 3.get_sentences success=>len(doc_sentences):1
2023-05-02 09:13:28,394 - embed-server - INFO - /embed/es create_index fail=>ConnectionError(<urllib3.connection.HTTPConnection object at 0x7f9b532ea7c0>: Failed to establish a new connection: [Errno 111] Connection refused) caused by: NewConnectionError(<urllib3.connection.HTTPConnection object at 0x7f9b532ea7c0>: Failed to establish a new connection: [Errno 111] Connection refused)
2023-05-02 09:15:35,648 - embed-server - INFO - *환경 Settings: LOG_PATH:./log/embed, SEED:111, DEVICE:cpu
2023-05-02 09:15:35,648 - embed-server - INFO - *host:0.0.0.0, port:9000
2023-05-02 09:15:35,648 - embed-server - INFO - *모델 Settings: MODEL_PATH:../../data11/model/kpf-sbert-128d-v1, POLLING_MODE:mean, OUT_DIMENSION:128
2023-05-02 09:15:35,648 - embed-server - INFO - *임베딩 Settings: EMBEDDING_METHOD:1, FLOAT_TYPE:float16
2023-05-02 09:15:35,648 - embed-server - INFO - *ES Settings: ES_URL:http://10.10.4.10:19200/, ES_INDEX_FILE:./data/mpower10u_128d_1.json, BATCH_SIZE:20
2023-05-02 09:15:35,649 - embed-server - INFO - *클러스터링 Settings: CLUSTRING_MODE:kmeans, NUM_CLUSTERS:10, NUM_CLUSTERS_VARIABLE:False, OUTMODE:mean
2023-05-02 09:15:35,649 - embed-server - INFO - *문장전처리 Settings: REMOVE_SENTENCE_LEN:8, REMOVE_DUPLICATION:False
2023-05-02 09:15:35,649 - embed-server - INFO - *검색 Settings: VECTOR_MAG:0.8
2023-05-02 09:15:36,866 - embed-server - INFO - 
---bi_encoder---------------------------
2023-05-02 09:15:36,866 - embed-server - INFO - SentenceTransformer(
  (0): Transformer({'max_seq_length': 512, 'do_lower_case': True}) with Transformer model: BertModel 
  (1): Pooling({'word_embedding_dimension': 768, 'pooling_mode_cls_token': False, 'pooling_mode_mean_tokens': True, 'pooling_mode_max_tokens': False, 'pooling_mode_mean_sqrt_len_tokens': False})
  (2): Dense({'in_features': 768, 'out_features': 128, 'bias': True, 'activation_function': 'torch.nn.modules.activation.Tanh'})
)
2023-05-02 09:15:36,867 - embed-server - INFO - Transformer({'max_seq_length': 512, 'do_lower_case': True}) with Transformer model: BertModel 
2023-05-02 09:15:36,867 - embed-server - INFO - 
----------------------------------------
2023-05-02 09:16:06,696 - embed-server - INFO - /embed/es start-----
ES_URL:http://10.10.4.10:19200/, esindex:test, createindex:False, uids:['111'], titles:['2222']
2023-05-02 09:16:06,698 - embed-server - INFO - /embed/es 1.Elasticsearch connect success=>http://10.10.4.10:19200/
2023-05-02 09:16:06,698 - embed-server - INFO - /embed/es load docs fail=>expected string or bytes-like object
2023-05-02 09:16:23,770 - embed-server - INFO - /embed/es start-----
ES_URL:http://10.10.4.10:19200/, esindex:test, createindex:False, uids:['111'], titles:['2222']
2023-05-02 09:16:23,771 - embed-server - INFO - /embed/es 1.Elasticsearch connect success=>http://10.10.4.10:19200/
2023-05-02 09:16:23,773 - embed-server - INFO - /embed/es 2.load_docs success
2023-05-02 09:16:23,778 - embed-server - INFO - /embed/es 3.get_sentences success=>len(doc_sentences):1
2023-05-02 09:16:23,783 - embed-server - INFO - /embed/es create_index fail=>ConnectionError(<urllib3.connection.HTTPConnection object at 0x7f261c4b84c0>: Failed to establish a new connection: [Errno 111] Connection refused) caused by: NewConnectionError(<urllib3.connection.HTTPConnection object at 0x7f261c4b84c0>: Failed to establish a new connection: [Errno 111] Connection refused)
2023-05-02 09:24:25,816 - embed-server - INFO - *환경 Settings: LOG_PATH:./log/embed, SEED:111, DEVICE:cpu
2023-05-02 09:24:25,816 - embed-server - INFO - *host:0.0.0.0, port:9000
2023-05-02 09:24:25,816 - embed-server - INFO - *모델 Settings: MODEL_PATH:../../data11/model/kpf-sbert-128d-v111, POLLING_MODE:mean, OUT_DIMENSION:128
2023-05-02 09:24:25,816 - embed-server - INFO - *임베딩 Settings: EMBEDDING_METHOD:1, FLOAT_TYPE:float16
2023-05-02 09:24:25,816 - embed-server - INFO - *ES Settings: ES_URL:http://10.10.4.10:9200/, ES_INDEX_FILE:./data/mpower10u_128d_1.json, BATCH_SIZE:20
2023-05-02 09:24:25,816 - embed-server - INFO - *클러스터링 Settings: CLUSTRING_MODE:kmeans, NUM_CLUSTERS:10, NUM_CLUSTERS_VARIABLE:False, OUTMODE:mean
2023-05-02 09:24:25,816 - embed-server - INFO - *문장전처리 Settings: REMOVE_SENTENCE_LEN:8, REMOVE_DUPLICATION:False
2023-05-02 09:24:25,816 - embed-server - INFO - *검색 Settings: VECTOR_MAG:0.8
2023-05-02 09:25:36,797 - embed-server - INFO - *환경 Settings: LOG_PATH:./log/embed, SEED:111, DEVICE:cpu
2023-05-02 09:25:36,797 - embed-server - INFO - *host:0.0.0.0, port:9000
2023-05-02 09:25:36,797 - embed-server - INFO - *모델 Settings: MODEL_PATH:../../data11/model/kpf-sbert-128d-v111, POLLING_MODE:mean, OUT_DIMENSION:128
2023-05-02 09:25:36,797 - embed-server - INFO - *임베딩 Settings: EMBEDDING_METHOD:1, FLOAT_TYPE:float16
2023-05-02 09:25:36,797 - embed-server - INFO - *ES Settings: ES_URL:http://10.10.4.10:9200/, ES_INDEX_FILE:./data/mpower10u_128d_1.json, BATCH_SIZE:20
2023-05-02 09:25:36,798 - embed-server - INFO - *클러스터링 Settings: CLUSTRING_MODE:kmeans, NUM_CLUSTERS:10, NUM_CLUSTERS_VARIABLE:False, OUTMODE:mean
2023-05-02 09:25:36,798 - embed-server - INFO - *문장전처리 Settings: REMOVE_SENTENCE_LEN:8, REMOVE_DUPLICATION:False
2023-05-02 09:25:36,798 - embed-server - INFO - *검색 Settings: VECTOR_MAG:0.8
2023-05-02 09:25:37,657 - embed-server - INFO - bi_encoder load fail(../../data11/model/kpf-sbert-128d-v111)=>We couldn't connect to 'https://huggingface.co' to load this model, couldn't find it in the cached files and it looks like ../../data11/model/kpf-sbert-128d-v111 is not the path to a directory containing a config.json file.
Checkout your internet connection or see how to run the library in offline mode at 'https://huggingface.co/docs/transformers/installation#offline-mode'.
2023-05-02 09:26:17,455 - embed-server - INFO - *환경 Settings: LOG_PATH:./log/embed, SEED:111, DEVICE:cpu
2023-05-02 09:26:17,455 - embed-server - INFO - *host:0.0.0.0, port:9000
2023-05-02 09:26:17,455 - embed-server - INFO - *모델 Settings: MODEL_PATH:../../data11/model/kpf-sbert-128d-v111, POLLING_MODE:mean, OUT_DIMENSION:128
2023-05-02 09:26:17,455 - embed-server - INFO - *임베딩 Settings: EMBEDDING_METHOD:1, FLOAT_TYPE:float16
2023-05-02 09:26:17,455 - embed-server - INFO - *ES Settings: ES_URL:http://10.10.4.10:9200/, ES_INDEX_FILE:./data/mpower10u_128d_1.json, BATCH_SIZE:20
2023-05-02 09:26:17,455 - embed-server - INFO - *클러스터링 Settings: CLUSTRING_MODE:kmeans, NUM_CLUSTERS:10, NUM_CLUSTERS_VARIABLE:False, OUTMODE:mean
2023-05-02 09:26:17,456 - embed-server - INFO - *문장전처리 Settings: REMOVE_SENTENCE_LEN:8, REMOVE_DUPLICATION:False
2023-05-02 09:26:17,456 - embed-server - INFO - *검색 Settings: VECTOR_MAG:0.8
2023-05-02 09:26:18,145 - embed-server - ERROR - bi_encoder load fail(../../data11/model/kpf-sbert-128d-v111)=>We couldn't connect to 'https://huggingface.co' to load this model, couldn't find it in the cached files and it looks like ../../data11/model/kpf-sbert-128d-v111 is not the path to a directory containing a config.json file.
Checkout your internet connection or see how to run the library in offline mode at 'https://huggingface.co/docs/transformers/installation#offline-mode'.
