2022-07-04 14:56:42,974 - s-bert-ts - INFO - ----------------------------------------------------------------------
2022-07-04 14:56:42,978 - s-bert-ts - INFO - *Warmup-steps:73727, checkpoint_save_steps:147454, ephocs:40, train_data_len:589814, train_batch_size: 32
2022-07-04 14:56:42,980 - s-bert-ts - INFO - *teacher_model: ../../data11/model/sbert/teacher/paraphrase-multilingual-mpnet-base-v2
2022-07-04 14:56:42,981 - s-bert-ts - INFO - *student_model_name: ../../data11/model/sbert/sbert-distilbert-nlp_corpus_nouns_vocab_add_768
2022-07-04 14:56:42,982 - s-bert-ts - INFO - ----------------------------------------------------------------------
2022-07-04 14:56:42,983 - s-bert-ts - INFO - *train_file: ../../data11/korpora/pair/TED2020-en-ko/TED2020-en-ko-train.tsv
2022-07-04 14:56:42,985 - s-bert-ts - INFO - *test_file: ../../data11/korpora/pair/TED2020-en-ko/TED2020-en-ko-dev.tsv
2022-07-04 14:56:42,987 - s-bert-ts - INFO - ----------------------------------------------------------------------
2022-07-04 14:56:42,988 - s-bert-ts - INFO - *out_path: ../../data11/model/sbert/sbert-ts-nlp_corpus_nouns-2022-07-04-1
2022-07-04 14:56:42,989 - s-bert-ts - INFO - *check_path: ../../data11/model/sbert/checkpoint-nlp_corpus_nouns-2022-07-04
2022-07-04 14:56:42,990 - s-bert-ts - INFO - ----------------------------------------------------------------------
2022-07-05 02:31:50,774 - s-bert-ts - INFO - === 처리시간: 41707.783 초 ===
2022-07-05 02:31:50,776 - s-bert-ts - INFO - 

2022-07-05 08:19:35,795 - s-bert-ts - INFO - ----------------------------------------------------------------------
2022-07-05 08:19:35,797 - s-bert-ts - INFO - *Warmup-steps:73727, checkpoint_save_steps:147454, ephocs:40, train_data_len:589814, train_batch_size: 32
2022-07-05 08:19:35,798 - s-bert-ts - INFO - *teacher_model: ../../data11/model/sbert/teacher/paraphrase-multilingual-mpnet-base-v2
2022-07-05 08:19:35,798 - s-bert-ts - INFO - *student_model_name: ../../data11/model/sbert/sbert-distilbert-nlp_corpus_morphs_vocab_add_768
2022-07-05 08:19:35,799 - s-bert-ts - INFO - ----------------------------------------------------------------------
2022-07-05 08:19:35,799 - s-bert-ts - INFO - *train_file: ../../data11/korpora/pair/TED2020-en-ko/TED2020-en-ko-train.tsv
2022-07-05 08:19:35,799 - s-bert-ts - INFO - *test_file: ../../data11/korpora/pair/TED2020-en-ko/TED2020-en-ko-dev.tsv
2022-07-05 08:19:35,800 - s-bert-ts - INFO - ----------------------------------------------------------------------
2022-07-05 08:19:35,801 - s-bert-ts - INFO - *out_path: ../../data11/model/sbert/sbert-ts-nlp_corpus_morphs-2022-07-05-1
2022-07-05 08:19:35,801 - s-bert-ts - INFO - *check_path: ../../data11/model/sbert/checkpoint-nlp_corpus_morphs-2022-07-05
2022-07-05 08:19:35,801 - s-bert-ts - INFO - ----------------------------------------------------------------------
2022-07-05 19:49:35,523 - s-bert-ts - INFO - === 처리시간: 41399.721 초 ===
2022-07-05 19:49:35,526 - s-bert-ts - INFO - 

