2022-07-12 16:46:44,910 - bert-p-tuing - INFO - === model: ../../data11/model/bert/bert-multilingual-cased ===
2022-07-12 16:46:44,913 - bert-p-tuing - INFO - num_parameters: 187720451
2022-07-12 16:47:16,701 - bert-p-tuing - INFO - [Epoch 1/50] Iteration 400 -> Train Loss: 1.0939, Train Accuracy: 0.347
2022-07-12 16:47:45,837 - bert-p-tuing - INFO - ---------------------------------------------------------
2022-07-12 16:47:49,959 - bert-p-tuing - INFO - [Epoch 1/50] Validatation Accuracy:0.38666666666666666
2022-07-12 16:47:49,961 - bert-p-tuing - INFO - ---------------------------------------------------------
2022-07-12 16:47:49,962 - bert-p-tuing - INFO - === 처리시간: 4.125 초 ===
2022-07-12 16:47:49,963 - bert-p-tuing - INFO - -END-

2022-07-12 16:47:51,814 - bert-p-tuing - INFO - [Epoch 2/50] Iteration 800 -> Train Loss: 1.0913, Train Accuracy: 0.357
2022-07-12 16:48:22,444 - bert-p-tuing - INFO - [Epoch 2/50] Iteration 1200 -> Train Loss: 1.0571, Train Accuracy: 0.431
2022-07-12 16:48:50,400 - bert-p-tuing - INFO - ---------------------------------------------------------
2022-07-12 16:48:54,496 - bert-p-tuing - INFO - [Epoch 2/50] Validatation Accuracy:0.5006666666666667
2022-07-12 16:48:54,498 - bert-p-tuing - INFO - ---------------------------------------------------------
2022-07-12 16:48:54,499 - bert-p-tuing - INFO - === 처리시간: 4.099 초 ===
2022-07-12 16:48:54,500 - bert-p-tuing - INFO - -END-

2022-07-12 16:48:57,712 - bert-p-tuing - INFO - [Epoch 3/50] Iteration 1600 -> Train Loss: 0.9882, Train Accuracy: 0.494
2022-07-12 16:49:28,399 - bert-p-tuing - INFO - [Epoch 3/50] Iteration 2000 -> Train Loss: 0.9545, Train Accuracy: 0.518
2022-07-12 16:49:55,074 - bert-p-tuing - INFO - ---------------------------------------------------------
2022-07-12 16:49:59,167 - bert-p-tuing - INFO - [Epoch 3/50] Validatation Accuracy:0.5536666666666666
2022-07-12 16:49:59,169 - bert-p-tuing - INFO - ---------------------------------------------------------
2022-07-12 16:49:59,170 - bert-p-tuing - INFO - === 처리시간: 4.096 초 ===
2022-07-12 16:49:59,171 - bert-p-tuing - INFO - -END-

2022-07-12 16:50:03,853 - bert-p-tuing - INFO - [Epoch 4/50] Iteration 2400 -> Train Loss: 0.9169, Train Accuracy: 0.545
2022-07-12 16:50:34,847 - bert-p-tuing - INFO - [Epoch 4/50] Iteration 2800 -> Train Loss: 0.8917, Train Accuracy: 0.566
2022-07-12 16:51:00,350 - bert-p-tuing - INFO - ---------------------------------------------------------
2022-07-12 16:51:04,434 - bert-p-tuing - INFO - [Epoch 4/50] Validatation Accuracy:0.5823333333333334
2022-07-12 16:51:04,435 - bert-p-tuing - INFO - ---------------------------------------------------------
2022-07-12 16:51:04,436 - bert-p-tuing - INFO - === 처리시간: 4.087 초 ===
2022-07-12 16:51:04,437 - bert-p-tuing - INFO - -END-

2022-07-12 16:51:10,464 - bert-p-tuing - INFO - [Epoch 5/50] Iteration 3200 -> Train Loss: 0.8762, Train Accuracy: 0.588
2022-07-12 16:51:41,271 - bert-p-tuing - INFO - [Epoch 5/50] Iteration 3600 -> Train Loss: 0.8395, Train Accuracy: 0.629
2022-07-12 16:52:05,412 - bert-p-tuing - INFO - ---------------------------------------------------------
2022-07-12 16:52:09,552 - bert-p-tuing - INFO - [Epoch 5/50] Validatation Accuracy:0.6033333333333334
2022-07-12 16:52:09,554 - bert-p-tuing - INFO - ---------------------------------------------------------
2022-07-12 16:52:09,554 - bert-p-tuing - INFO - === 처리시간: 4.142 초 ===
2022-07-12 16:52:09,555 - bert-p-tuing - INFO - -END-

2022-07-12 16:52:16,946 - bert-p-tuing - INFO - [Epoch 6/50] Iteration 4000 -> Train Loss: 0.8071, Train Accuracy: 0.649
2022-07-12 16:52:47,792 - bert-p-tuing - INFO - [Epoch 6/50] Iteration 4400 -> Train Loss: 0.7797, Train Accuracy: 0.665
2022-07-12 16:53:10,494 - bert-p-tuing - INFO - ---------------------------------------------------------
2022-07-12 16:53:14,594 - bert-p-tuing - INFO - [Epoch 6/50] Validatation Accuracy:0.6336666666666667
2022-07-12 16:53:14,595 - bert-p-tuing - INFO - ---------------------------------------------------------
2022-07-12 16:53:14,596 - bert-p-tuing - INFO - === 처리시간: 4.102 초 ===
2022-07-12 16:53:14,597 - bert-p-tuing - INFO - -END-

2022-07-12 16:53:23,358 - bert-p-tuing - INFO - [Epoch 7/50] Iteration 4800 -> Train Loss: 0.7631, Train Accuracy: 0.676
2022-07-12 16:53:54,222 - bert-p-tuing - INFO - [Epoch 7/50] Iteration 5200 -> Train Loss: 0.7466, Train Accuracy: 0.682
2022-07-12 16:54:15,564 - bert-p-tuing - INFO - ---------------------------------------------------------
2022-07-12 16:54:19,721 - bert-p-tuing - INFO - [Epoch 7/50] Validatation Accuracy:0.648
2022-07-12 16:54:19,723 - bert-p-tuing - INFO - ---------------------------------------------------------
2022-07-12 16:54:19,723 - bert-p-tuing - INFO - === 처리시간: 4.160 초 ===
2022-07-12 16:54:19,724 - bert-p-tuing - INFO - -END-

2022-07-12 16:54:29,878 - bert-p-tuing - INFO - [Epoch 8/50] Iteration 5600 -> Train Loss: 0.7463, Train Accuracy: 0.687
2022-07-12 16:55:00,871 - bert-p-tuing - INFO - [Epoch 8/50] Iteration 6000 -> Train Loss: 0.7257, Train Accuracy: 0.699
2022-07-12 16:55:20,788 - bert-p-tuing - INFO - ---------------------------------------------------------
2022-07-12 16:55:24,897 - bert-p-tuing - INFO - [Epoch 8/50] Validatation Accuracy:0.6376666666666667
2022-07-12 16:55:24,899 - bert-p-tuing - INFO - ---------------------------------------------------------
2022-07-12 16:55:24,900 - bert-p-tuing - INFO - === 처리시간: 4.113 초 ===
2022-07-12 16:55:24,901 - bert-p-tuing - INFO - -END-

2022-07-12 16:55:36,523 - bert-p-tuing - INFO - [Epoch 9/50] Iteration 6400 -> Train Loss: 0.7207, Train Accuracy: 0.696
2022-07-12 16:56:07,491 - bert-p-tuing - INFO - [Epoch 9/50] Iteration 6800 -> Train Loss: 0.7152, Train Accuracy: 0.701
2022-07-12 16:56:26,006 - bert-p-tuing - INFO - ---------------------------------------------------------
2022-07-12 16:56:30,132 - bert-p-tuing - INFO - [Epoch 9/50] Validatation Accuracy:0.6476666666666666
2022-07-12 16:56:30,133 - bert-p-tuing - INFO - ---------------------------------------------------------
2022-07-12 16:56:30,134 - bert-p-tuing - INFO - === 처리시간: 4.129 초 ===
2022-07-12 16:56:30,135 - bert-p-tuing - INFO - -END-

2022-07-12 16:56:43,160 - bert-p-tuing - INFO - [Epoch 10/50] Iteration 7200 -> Train Loss: 0.7106, Train Accuracy: 0.703
2022-07-12 16:57:14,104 - bert-p-tuing - INFO - [Epoch 10/50] Iteration 7600 -> Train Loss: 0.7089, Train Accuracy: 0.702
2022-07-12 16:57:31,405 - bert-p-tuing - INFO - ---------------------------------------------------------
2022-07-12 16:57:35,518 - bert-p-tuing - INFO - [Epoch 10/50] Validatation Accuracy:0.6593333333333333
2022-07-12 16:57:35,520 - bert-p-tuing - INFO - ---------------------------------------------------------
2022-07-12 16:57:35,521 - bert-p-tuing - INFO - === 처리시간: 4.116 초 ===
2022-07-12 16:57:35,521 - bert-p-tuing - INFO - -END-

2022-07-12 16:57:49,973 - bert-p-tuing - INFO - [Epoch 11/50] Iteration 8000 -> Train Loss: 0.6980, Train Accuracy: 0.710
2022-07-12 16:58:21,327 - bert-p-tuing - INFO - [Epoch 11/50] Iteration 8400 -> Train Loss: 0.6883, Train Accuracy: 0.713
2022-07-12 16:58:37,188 - bert-p-tuing - INFO - ---------------------------------------------------------
2022-07-12 16:58:41,313 - bert-p-tuing - INFO - [Epoch 11/50] Validatation Accuracy:0.6606666666666666
2022-07-12 16:58:41,314 - bert-p-tuing - INFO - ---------------------------------------------------------
2022-07-12 16:58:41,314 - bert-p-tuing - INFO - === 처리시간: 4.126 초 ===
2022-07-12 16:58:41,315 - bert-p-tuing - INFO - -END-

2022-07-12 16:58:57,050 - bert-p-tuing - INFO - [Epoch 12/50] Iteration 8800 -> Train Loss: 0.6988, Train Accuracy: 0.709
2022-07-12 16:59:28,040 - bert-p-tuing - INFO - [Epoch 12/50] Iteration 9200 -> Train Loss: 0.6859, Train Accuracy: 0.711
2022-07-12 16:59:42,426 - bert-p-tuing - INFO - ---------------------------------------------------------
2022-07-12 16:59:46,580 - bert-p-tuing - INFO - [Epoch 12/50] Validatation Accuracy:0.6633333333333333
2022-07-12 16:59:46,583 - bert-p-tuing - INFO - ---------------------------------------------------------
2022-07-12 16:59:46,584 - bert-p-tuing - INFO - === 처리시간: 4.158 초 ===
2022-07-12 16:59:46,586 - bert-p-tuing - INFO - -END-

2022-07-12 17:00:03,664 - bert-p-tuing - INFO - [Epoch 13/50] Iteration 9600 -> Train Loss: 0.6745, Train Accuracy: 0.719
2022-07-12 17:00:34,566 - bert-p-tuing - INFO - [Epoch 13/50] Iteration 10000 -> Train Loss: 0.6814, Train Accuracy: 0.716
2022-07-12 17:00:47,532 - bert-p-tuing - INFO - ---------------------------------------------------------
2022-07-12 17:00:51,650 - bert-p-tuing - INFO - [Epoch 13/50] Validatation Accuracy:0.6683333333333333
2022-07-12 17:00:51,652 - bert-p-tuing - INFO - ---------------------------------------------------------
2022-07-12 17:00:51,652 - bert-p-tuing - INFO - === 처리시간: 4.121 초 ===
2022-07-12 17:00:51,653 - bert-p-tuing - INFO - -END-

2022-07-12 17:01:10,216 - bert-p-tuing - INFO - [Epoch 14/50] Iteration 10400 -> Train Loss: 0.6662, Train Accuracy: 0.722
2022-07-12 17:01:41,222 - bert-p-tuing - INFO - [Epoch 14/50] Iteration 10800 -> Train Loss: 0.6648, Train Accuracy: 0.722
2022-07-12 17:01:52,786 - bert-p-tuing - INFO - ---------------------------------------------------------
2022-07-12 17:01:56,870 - bert-p-tuing - INFO - [Epoch 14/50] Validatation Accuracy:0.6686666666666666
2022-07-12 17:01:56,871 - bert-p-tuing - INFO - ---------------------------------------------------------
2022-07-12 17:01:56,872 - bert-p-tuing - INFO - === 처리시간: 4.086 초 ===
2022-07-12 17:01:56,872 - bert-p-tuing - INFO - -END-

2022-07-12 17:02:16,760 - bert-p-tuing - INFO - [Epoch 15/50] Iteration 11200 -> Train Loss: 0.6562, Train Accuracy: 0.727
2022-07-12 17:02:47,759 - bert-p-tuing - INFO - [Epoch 15/50] Iteration 11600 -> Train Loss: 0.6639, Train Accuracy: 0.726
2022-07-12 17:02:57,917 - bert-p-tuing - INFO - ---------------------------------------------------------
2022-07-12 17:03:02,042 - bert-p-tuing - INFO - [Epoch 15/50] Validatation Accuracy:0.6766666666666666
2022-07-12 17:03:02,044 - bert-p-tuing - INFO - ---------------------------------------------------------
2022-07-12 17:03:02,045 - bert-p-tuing - INFO - === 처리시간: 4.128 초 ===
2022-07-12 17:03:02,047 - bert-p-tuing - INFO - -END-

2022-07-12 17:03:23,329 - bert-p-tuing - INFO - [Epoch 16/50] Iteration 12000 -> Train Loss: 0.6501, Train Accuracy: 0.731
2022-07-12 17:03:54,249 - bert-p-tuing - INFO - [Epoch 16/50] Iteration 12400 -> Train Loss: 0.6534, Train Accuracy: 0.729
2022-07-12 17:04:03,041 - bert-p-tuing - INFO - ---------------------------------------------------------
2022-07-12 17:04:07,190 - bert-p-tuing - INFO - [Epoch 16/50] Validatation Accuracy:0.673
2022-07-12 17:04:07,191 - bert-p-tuing - INFO - ---------------------------------------------------------
2022-07-12 17:04:07,192 - bert-p-tuing - INFO - === 처리시간: 4.150 초 ===
2022-07-12 17:04:07,192 - bert-p-tuing - INFO - -END-

2022-07-12 17:04:30,018 - bert-p-tuing - INFO - [Epoch 17/50] Iteration 12800 -> Train Loss: 0.6476, Train Accuracy: 0.732
2022-07-12 17:05:00,834 - bert-p-tuing - INFO - [Epoch 17/50] Iteration 13200 -> Train Loss: 0.6522, Train Accuracy: 0.729
2022-07-12 17:05:08,191 - bert-p-tuing - INFO - ---------------------------------------------------------
2022-07-12 17:05:12,308 - bert-p-tuing - INFO - [Epoch 17/50] Validatation Accuracy:0.6703333333333333
2022-07-12 17:05:12,309 - bert-p-tuing - INFO - ---------------------------------------------------------
2022-07-12 17:05:12,310 - bert-p-tuing - INFO - === 처리시간: 4.119 초 ===
2022-07-12 17:05:12,311 - bert-p-tuing - INFO - -END-

2022-07-12 17:05:36,226 - bert-p-tuing - INFO - [Epoch 18/50] Iteration 13600 -> Train Loss: 0.6466, Train Accuracy: 0.731
2022-07-12 17:06:07,075 - bert-p-tuing - INFO - [Epoch 18/50] Iteration 14000 -> Train Loss: 0.6433, Train Accuracy: 0.736
2022-07-12 17:06:13,017 - bert-p-tuing - INFO - ---------------------------------------------------------
2022-07-12 17:06:17,113 - bert-p-tuing - INFO - [Epoch 18/50] Validatation Accuracy:0.678
2022-07-12 17:06:17,115 - bert-p-tuing - INFO - ---------------------------------------------------------
2022-07-12 17:06:17,116 - bert-p-tuing - INFO - === 처리시간: 4.100 초 ===
2022-07-12 17:06:17,117 - bert-p-tuing - INFO - -END-

2022-07-12 17:06:42,703 - bert-p-tuing - INFO - [Epoch 19/50] Iteration 14400 -> Train Loss: 0.6403, Train Accuracy: 0.733
2022-07-12 17:07:13,540 - bert-p-tuing - INFO - [Epoch 19/50] Iteration 14800 -> Train Loss: 0.6393, Train Accuracy: 0.734
2022-07-12 17:07:18,158 - bert-p-tuing - INFO - ---------------------------------------------------------
2022-07-12 17:07:22,191 - bert-p-tuing - INFO - [Epoch 19/50] Validatation Accuracy:0.6766666666666666
2022-07-12 17:07:22,193 - bert-p-tuing - INFO - ---------------------------------------------------------
2022-07-12 17:07:22,194 - bert-p-tuing - INFO - === 처리시간: 4.036 초 ===
2022-07-12 17:07:22,195 - bert-p-tuing - INFO - -END-

2022-07-12 17:07:49,168 - bert-p-tuing - INFO - [Epoch 20/50] Iteration 15200 -> Train Loss: 0.6309, Train Accuracy: 0.743
2022-07-12 17:08:20,107 - bert-p-tuing - INFO - [Epoch 20/50] Iteration 15600 -> Train Loss: 0.6322, Train Accuracy: 0.740
2022-07-12 17:08:23,387 - bert-p-tuing - INFO - ---------------------------------------------------------
2022-07-12 17:08:27,410 - bert-p-tuing - INFO - [Epoch 20/50] Validatation Accuracy:0.6803333333333333
2022-07-12 17:08:27,412 - bert-p-tuing - INFO - ---------------------------------------------------------
2022-07-12 17:08:27,413 - bert-p-tuing - INFO - === 처리시간: 4.025 초 ===
2022-07-12 17:08:27,414 - bert-p-tuing - INFO - -END-

2022-07-12 17:08:55,960 - bert-p-tuing - INFO - [Epoch 21/50] Iteration 16000 -> Train Loss: 0.6299, Train Accuracy: 0.741
2022-07-12 17:09:26,893 - bert-p-tuing - INFO - [Epoch 21/50] Iteration 16400 -> Train Loss: 0.6289, Train Accuracy: 0.741
2022-07-12 17:09:28,742 - bert-p-tuing - INFO - ---------------------------------------------------------
2022-07-12 17:09:32,865 - bert-p-tuing - INFO - [Epoch 21/50] Validatation Accuracy:0.6803333333333333
2022-07-12 17:09:32,867 - bert-p-tuing - INFO - ---------------------------------------------------------
2022-07-12 17:09:32,867 - bert-p-tuing - INFO - === 처리시간: 4.125 초 ===
2022-07-12 17:09:32,868 - bert-p-tuing - INFO - -END-

2022-07-12 17:10:02,660 - bert-p-tuing - INFO - [Epoch 22/50] Iteration 16800 -> Train Loss: 0.6243, Train Accuracy: 0.742
2022-07-12 17:10:33,503 - bert-p-tuing - INFO - [Epoch 22/50] Iteration 17200 -> Train Loss: 0.6220, Train Accuracy: 0.746
2022-07-12 17:10:33,946 - bert-p-tuing - INFO - ---------------------------------------------------------
2022-07-12 17:10:37,961 - bert-p-tuing - INFO - [Epoch 22/50] Validatation Accuracy:0.684
2022-07-12 17:10:37,962 - bert-p-tuing - INFO - ---------------------------------------------------------
2022-07-12 17:10:37,963 - bert-p-tuing - INFO - === 처리시간: 4.017 초 ===
2022-07-12 17:10:37,963 - bert-p-tuing - INFO - -END-

2022-07-12 17:11:08,926 - bert-p-tuing - INFO - [Epoch 23/50] Iteration 17600 -> Train Loss: 0.6158, Train Accuracy: 0.745
2022-07-12 17:11:38,681 - bert-p-tuing - INFO - ---------------------------------------------------------
2022-07-12 17:11:42,826 - bert-p-tuing - INFO - [Epoch 23/50] Validatation Accuracy:0.6813333333333333
2022-07-12 17:11:42,827 - bert-p-tuing - INFO - ---------------------------------------------------------
2022-07-12 17:11:42,828 - bert-p-tuing - INFO - === 처리시간: 4.147 초 ===
2022-07-12 17:11:42,828 - bert-p-tuing - INFO - -END-

2022-07-12 17:11:44,270 - bert-p-tuing - INFO - [Epoch 24/50] Iteration 18000 -> Train Loss: 0.6200, Train Accuracy: 0.745
2022-07-12 17:12:15,185 - bert-p-tuing - INFO - [Epoch 24/50] Iteration 18400 -> Train Loss: 0.6184, Train Accuracy: 0.748
2022-07-12 17:12:43,596 - bert-p-tuing - INFO - ---------------------------------------------------------
2022-07-12 17:12:47,725 - bert-p-tuing - INFO - [Epoch 24/50] Validatation Accuracy:0.6866666666666666
2022-07-12 17:12:47,726 - bert-p-tuing - INFO - ---------------------------------------------------------
2022-07-12 17:12:47,727 - bert-p-tuing - INFO - === 처리시간: 4.131 초 ===
2022-07-12 17:12:47,727 - bert-p-tuing - INFO - -END-

2022-07-12 17:12:50,585 - bert-p-tuing - INFO - [Epoch 25/50] Iteration 18800 -> Train Loss: 0.6114, Train Accuracy: 0.750
2022-07-12 17:13:22,058 - bert-p-tuing - INFO - [Epoch 25/50] Iteration 19200 -> Train Loss: 0.5979, Train Accuracy: 0.757
2022-07-12 17:13:49,414 - bert-p-tuing - INFO - ---------------------------------------------------------
2022-07-12 17:13:53,418 - bert-p-tuing - INFO - [Epoch 25/50] Validatation Accuracy:0.683
2022-07-12 17:13:53,420 - bert-p-tuing - INFO - ---------------------------------------------------------
2022-07-12 17:13:53,421 - bert-p-tuing - INFO - === 처리시간: 4.008 초 ===
2022-07-12 17:13:53,422 - bert-p-tuing - INFO - -END-

2022-07-12 17:13:57,822 - bert-p-tuing - INFO - [Epoch 26/50] Iteration 19600 -> Train Loss: 0.6242, Train Accuracy: 0.744
2022-07-12 17:14:28,929 - bert-p-tuing - INFO - [Epoch 26/50] Iteration 20000 -> Train Loss: 0.6121, Train Accuracy: 0.745
2022-07-12 17:14:54,859 - bert-p-tuing - INFO - ---------------------------------------------------------
2022-07-12 17:14:58,849 - bert-p-tuing - INFO - [Epoch 26/50] Validatation Accuracy:0.6853333333333333
2022-07-12 17:14:58,850 - bert-p-tuing - INFO - ---------------------------------------------------------
2022-07-12 17:14:58,850 - bert-p-tuing - INFO - === 처리시간: 3.991 초 ===
2022-07-12 17:14:58,851 - bert-p-tuing - INFO - -END-

2022-07-12 17:15:04,388 - bert-p-tuing - INFO - [Epoch 27/50] Iteration 20400 -> Train Loss: 0.6064, Train Accuracy: 0.753
2022-07-12 17:15:35,040 - bert-p-tuing - INFO - [Epoch 27/50] Iteration 20800 -> Train Loss: 0.6132, Train Accuracy: 0.749
2022-07-12 17:15:59,364 - bert-p-tuing - INFO - ---------------------------------------------------------
2022-07-12 17:16:03,416 - bert-p-tuing - INFO - [Epoch 27/50] Validatation Accuracy:0.6816666666666666
2022-07-12 17:16:03,418 - bert-p-tuing - INFO - ---------------------------------------------------------
2022-07-12 17:16:03,419 - bert-p-tuing - INFO - === 처리시간: 4.055 초 ===
2022-07-12 17:16:03,419 - bert-p-tuing - INFO - -END-

2022-07-12 17:16:10,528 - bert-p-tuing - INFO - [Epoch 28/50] Iteration 21200 -> Train Loss: 0.6081, Train Accuracy: 0.751
2022-07-12 17:16:41,362 - bert-p-tuing - INFO - [Epoch 28/50] Iteration 21600 -> Train Loss: 0.6066, Train Accuracy: 0.750
2022-07-12 17:17:04,225 - bert-p-tuing - INFO - ---------------------------------------------------------
2022-07-12 17:17:08,277 - bert-p-tuing - INFO - [Epoch 28/50] Validatation Accuracy:0.691
2022-07-12 17:17:08,278 - bert-p-tuing - INFO - ---------------------------------------------------------
2022-07-12 17:17:08,278 - bert-p-tuing - INFO - === 처리시간: 4.054 초 ===
2022-07-12 17:17:08,279 - bert-p-tuing - INFO - -END-

2022-07-12 17:17:16,626 - bert-p-tuing - INFO - [Epoch 29/50] Iteration 22000 -> Train Loss: 0.6014, Train Accuracy: 0.760
2022-07-12 17:17:47,394 - bert-p-tuing - INFO - [Epoch 29/50] Iteration 22400 -> Train Loss: 0.5991, Train Accuracy: 0.755
2022-07-12 17:18:08,959 - bert-p-tuing - INFO - ---------------------------------------------------------
2022-07-12 17:18:13,101 - bert-p-tuing - INFO - [Epoch 29/50] Validatation Accuracy:0.6876666666666666
2022-07-12 17:18:13,103 - bert-p-tuing - INFO - ---------------------------------------------------------
2022-07-12 17:18:13,104 - bert-p-tuing - INFO - === 처리시간: 4.145 초 ===
2022-07-12 17:18:13,105 - bert-p-tuing - INFO - -END-

2022-07-12 17:18:22,883 - bert-p-tuing - INFO - [Epoch 30/50] Iteration 22800 -> Train Loss: 0.5973, Train Accuracy: 0.754
2022-07-12 17:18:53,648 - bert-p-tuing - INFO - [Epoch 30/50] Iteration 23200 -> Train Loss: 0.6009, Train Accuracy: 0.754
2022-07-12 17:19:13,832 - bert-p-tuing - INFO - ---------------------------------------------------------
2022-07-12 17:19:17,899 - bert-p-tuing - INFO - [Epoch 30/50] Validatation Accuracy:0.684
2022-07-12 17:19:17,901 - bert-p-tuing - INFO - ---------------------------------------------------------
2022-07-12 17:19:17,901 - bert-p-tuing - INFO - === 처리시간: 4.069 초 ===
2022-07-12 17:19:17,902 - bert-p-tuing - INFO - -END-

2022-07-12 17:19:29,013 - bert-p-tuing - INFO - [Epoch 31/50] Iteration 23600 -> Train Loss: 0.5947, Train Accuracy: 0.755
2022-07-12 17:19:59,733 - bert-p-tuing - INFO - [Epoch 31/50] Iteration 24000 -> Train Loss: 0.6031, Train Accuracy: 0.752
2022-07-12 17:20:18,461 - bert-p-tuing - INFO - ---------------------------------------------------------
2022-07-12 17:20:22,425 - bert-p-tuing - INFO - [Epoch 31/50] Validatation Accuracy:0.6883333333333334
2022-07-12 17:20:22,427 - bert-p-tuing - INFO - ---------------------------------------------------------
2022-07-12 17:20:22,428 - bert-p-tuing - INFO - === 처리시간: 3.967 초 ===
2022-07-12 17:20:22,430 - bert-p-tuing - INFO - -END-

2022-07-12 17:20:35,064 - bert-p-tuing - INFO - [Epoch 32/50] Iteration 24400 -> Train Loss: 0.5975, Train Accuracy: 0.757
2022-07-12 17:21:05,897 - bert-p-tuing - INFO - [Epoch 32/50] Iteration 24800 -> Train Loss: 0.5893, Train Accuracy: 0.760
2022-07-12 17:21:23,342 - bert-p-tuing - INFO - ---------------------------------------------------------
2022-07-12 17:21:27,318 - bert-p-tuing - INFO - [Epoch 32/50] Validatation Accuracy:0.686
2022-07-12 17:21:27,319 - bert-p-tuing - INFO - ---------------------------------------------------------
2022-07-12 17:21:27,321 - bert-p-tuing - INFO - === 처리시간: 3.979 초 ===
2022-07-12 17:21:27,322 - bert-p-tuing - INFO - -END-

2022-07-12 17:21:41,225 - bert-p-tuing - INFO - [Epoch 33/50] Iteration 25200 -> Train Loss: 0.5946, Train Accuracy: 0.757
2022-07-12 17:22:11,911 - bert-p-tuing - INFO - [Epoch 33/50] Iteration 25600 -> Train Loss: 0.5917, Train Accuracy: 0.761
2022-07-12 17:22:27,909 - bert-p-tuing - INFO - ---------------------------------------------------------
2022-07-12 17:22:31,922 - bert-p-tuing - INFO - [Epoch 33/50] Validatation Accuracy:0.6863333333333334
2022-07-12 17:22:31,923 - bert-p-tuing - INFO - ---------------------------------------------------------
2022-07-12 17:22:31,923 - bert-p-tuing - INFO - === 처리시간: 4.015 초 ===
2022-07-12 17:22:31,923 - bert-p-tuing - INFO - -END-

2022-07-12 17:22:47,637 - bert-p-tuing - INFO - [Epoch 34/50] Iteration 26000 -> Train Loss: 0.5945, Train Accuracy: 0.755
2022-07-12 17:23:18,273 - bert-p-tuing - INFO - [Epoch 34/50] Iteration 26400 -> Train Loss: 0.5810, Train Accuracy: 0.763
2022-07-12 17:23:32,881 - bert-p-tuing - INFO - ---------------------------------------------------------
2022-07-12 17:23:37,016 - bert-p-tuing - INFO - [Epoch 34/50] Validatation Accuracy:0.691
2022-07-12 17:23:37,017 - bert-p-tuing - INFO - ---------------------------------------------------------
2022-07-12 17:23:37,018 - bert-p-tuing - INFO - === 처리시간: 4.137 초 ===
2022-07-12 17:23:37,018 - bert-p-tuing - INFO - -END-

2022-07-12 17:23:53,718 - bert-p-tuing - INFO - [Epoch 35/50] Iteration 26800 -> Train Loss: 0.5944, Train Accuracy: 0.756
2022-07-12 17:24:24,643 - bert-p-tuing - INFO - [Epoch 35/50] Iteration 27200 -> Train Loss: 0.5897, Train Accuracy: 0.760
2022-07-12 17:24:37,834 - bert-p-tuing - INFO - ---------------------------------------------------------
2022-07-12 17:24:41,814 - bert-p-tuing - INFO - [Epoch 35/50] Validatation Accuracy:0.6913333333333334
2022-07-12 17:24:41,816 - bert-p-tuing - INFO - ---------------------------------------------------------
2022-07-12 17:24:41,817 - bert-p-tuing - INFO - === 처리시간: 3.984 초 ===
2022-07-12 17:24:41,818 - bert-p-tuing - INFO - -END-

2022-07-12 17:25:00,056 - bert-p-tuing - INFO - [Epoch 36/50] Iteration 27600 -> Train Loss: 0.5866, Train Accuracy: 0.761
2022-07-12 17:25:30,822 - bert-p-tuing - INFO - [Epoch 36/50] Iteration 28000 -> Train Loss: 0.5825, Train Accuracy: 0.760
2022-07-12 17:25:42,589 - bert-p-tuing - INFO - ---------------------------------------------------------
2022-07-12 17:25:46,565 - bert-p-tuing - INFO - [Epoch 36/50] Validatation Accuracy:0.69
2022-07-12 17:25:46,567 - bert-p-tuing - INFO - ---------------------------------------------------------
2022-07-12 17:25:46,567 - bert-p-tuing - INFO - === 처리시간: 3.979 초 ===
2022-07-12 17:25:46,568 - bert-p-tuing - INFO - -END-

2022-07-12 17:26:06,178 - bert-p-tuing - INFO - [Epoch 37/50] Iteration 28400 -> Train Loss: 0.5794, Train Accuracy: 0.761
2022-07-12 17:26:37,128 - bert-p-tuing - INFO - [Epoch 37/50] Iteration 28800 -> Train Loss: 0.5790, Train Accuracy: 0.764
2022-07-12 17:26:47,578 - bert-p-tuing - INFO - ---------------------------------------------------------
2022-07-12 17:26:51,589 - bert-p-tuing - INFO - [Epoch 37/50] Validatation Accuracy:0.6903333333333334
2022-07-12 17:26:51,590 - bert-p-tuing - INFO - ---------------------------------------------------------
2022-07-12 17:26:51,591 - bert-p-tuing - INFO - === 처리시간: 4.013 초 ===
2022-07-12 17:26:51,591 - bert-p-tuing - INFO - -END-

2022-07-12 17:27:12,529 - bert-p-tuing - INFO - [Epoch 38/50] Iteration 29200 -> Train Loss: 0.5779, Train Accuracy: 0.767
2022-07-12 17:27:43,280 - bert-p-tuing - INFO - [Epoch 38/50] Iteration 29600 -> Train Loss: 0.5862, Train Accuracy: 0.759
2022-07-12 17:27:52,310 - bert-p-tuing - INFO - ---------------------------------------------------------
2022-07-12 17:27:56,460 - bert-p-tuing - INFO - [Epoch 38/50] Validatation Accuracy:0.6943333333333334
2022-07-12 17:27:56,462 - bert-p-tuing - INFO - ---------------------------------------------------------
2022-07-12 17:27:56,462 - bert-p-tuing - INFO - === 처리시간: 4.153 초 ===
2022-07-12 17:27:56,463 - bert-p-tuing - INFO - -END-

2022-07-12 17:28:18,721 - bert-p-tuing - INFO - [Epoch 39/50] Iteration 30000 -> Train Loss: 0.5778, Train Accuracy: 0.766
2022-07-12 17:28:49,582 - bert-p-tuing - INFO - [Epoch 39/50] Iteration 30400 -> Train Loss: 0.5853, Train Accuracy: 0.762
2022-07-12 17:28:57,301 - bert-p-tuing - INFO - ---------------------------------------------------------
2022-07-12 17:29:01,290 - bert-p-tuing - INFO - [Epoch 39/50] Validatation Accuracy:0.6893333333333334
2022-07-12 17:29:01,292 - bert-p-tuing - INFO - ---------------------------------------------------------
2022-07-12 17:29:01,292 - bert-p-tuing - INFO - === 처리시간: 3.991 초 ===
2022-07-12 17:29:01,293 - bert-p-tuing - INFO - -END-

2022-07-12 17:29:24,875 - bert-p-tuing - INFO - [Epoch 40/50] Iteration 30800 -> Train Loss: 0.5835, Train Accuracy: 0.765
2022-07-12 17:29:55,852 - bert-p-tuing - INFO - [Epoch 40/50] Iteration 31200 -> Train Loss: 0.5740, Train Accuracy: 0.764
2022-07-12 17:30:02,078 - bert-p-tuing - INFO - ---------------------------------------------------------
2022-07-12 17:30:06,093 - bert-p-tuing - INFO - [Epoch 40/50] Validatation Accuracy:0.6853333333333333
2022-07-12 17:30:06,095 - bert-p-tuing - INFO - ---------------------------------------------------------
2022-07-12 17:30:06,095 - bert-p-tuing - INFO - === 처리시간: 4.018 초 ===
2022-07-12 17:30:06,096 - bert-p-tuing - INFO - -END-

2022-07-12 17:30:30,931 - bert-p-tuing - INFO - [Epoch 41/50] Iteration 31600 -> Train Loss: 0.5768, Train Accuracy: 0.766
2022-07-12 17:31:02,054 - bert-p-tuing - INFO - [Epoch 41/50] Iteration 32000 -> Train Loss: 0.5788, Train Accuracy: 0.765
2022-07-12 17:31:07,033 - bert-p-tuing - INFO - ---------------------------------------------------------
2022-07-12 17:31:11,081 - bert-p-tuing - INFO - [Epoch 41/50] Validatation Accuracy:0.687
2022-07-12 17:31:11,083 - bert-p-tuing - INFO - ---------------------------------------------------------
2022-07-12 17:31:11,084 - bert-p-tuing - INFO - === 처리시간: 4.051 초 ===
2022-07-12 17:31:11,084 - bert-p-tuing - INFO - -END-

2022-07-12 17:31:37,503 - bert-p-tuing - INFO - [Epoch 42/50] Iteration 32400 -> Train Loss: 0.5736, Train Accuracy: 0.769
2022-07-12 17:32:08,380 - bert-p-tuing - INFO - [Epoch 42/50] Iteration 32800 -> Train Loss: 0.5810, Train Accuracy: 0.761
2022-07-12 17:32:11,984 - bert-p-tuing - INFO - ---------------------------------------------------------
2022-07-12 17:32:15,989 - bert-p-tuing - INFO - [Epoch 42/50] Validatation Accuracy:0.688
2022-07-12 17:32:15,990 - bert-p-tuing - INFO - ---------------------------------------------------------
2022-07-12 17:32:15,991 - bert-p-tuing - INFO - === 처리시간: 4.007 초 ===
2022-07-12 17:32:15,991 - bert-p-tuing - INFO - -END-

2022-07-12 17:32:43,472 - bert-p-tuing - INFO - [Epoch 43/50] Iteration 33200 -> Train Loss: 0.5703, Train Accuracy: 0.765
2022-07-12 17:33:14,296 - bert-p-tuing - INFO - [Epoch 43/50] Iteration 33600 -> Train Loss: 0.5767, Train Accuracy: 0.766
2022-07-12 17:33:16,466 - bert-p-tuing - INFO - ---------------------------------------------------------
2022-07-12 17:33:20,505 - bert-p-tuing - INFO - [Epoch 43/50] Validatation Accuracy:0.689
2022-07-12 17:33:20,506 - bert-p-tuing - INFO - ---------------------------------------------------------
2022-07-12 17:33:20,507 - bert-p-tuing - INFO - === 처리시간: 4.041 초 ===
2022-07-12 17:33:20,508 - bert-p-tuing - INFO - -END-

2022-07-12 17:33:49,402 - bert-p-tuing - INFO - [Epoch 44/50] Iteration 34000 -> Train Loss: 0.5708, Train Accuracy: 0.767
2022-07-12 17:34:20,152 - bert-p-tuing - INFO - [Epoch 44/50] Iteration 34400 -> Train Loss: 0.5747, Train Accuracy: 0.767
2022-07-12 17:34:20,917 - bert-p-tuing - INFO - ---------------------------------------------------------
2022-07-12 17:34:24,949 - bert-p-tuing - INFO - [Epoch 44/50] Validatation Accuracy:0.6906666666666667
2022-07-12 17:34:24,951 - bert-p-tuing - INFO - ---------------------------------------------------------
2022-07-12 17:34:24,951 - bert-p-tuing - INFO - === 처리시간: 4.035 초 ===
2022-07-12 17:34:24,952 - bert-p-tuing - INFO - -END-

2022-07-12 17:34:55,360 - bert-p-tuing - INFO - [Epoch 45/50] Iteration 34800 -> Train Loss: 0.5721, Train Accuracy: 0.767
2022-07-12 17:35:25,415 - bert-p-tuing - INFO - ---------------------------------------------------------
2022-07-12 17:35:29,404 - bert-p-tuing - INFO - [Epoch 45/50] Validatation Accuracy:0.6903333333333334
2022-07-12 17:35:29,405 - bert-p-tuing - INFO - ---------------------------------------------------------
2022-07-12 17:35:29,406 - bert-p-tuing - INFO - === 처리시간: 3.991 초 ===
2022-07-12 17:35:29,406 - bert-p-tuing - INFO - -END-

2022-07-12 17:35:30,539 - bert-p-tuing - INFO - [Epoch 46/50] Iteration 35200 -> Train Loss: 0.5724, Train Accuracy: 0.765
2022-07-12 17:36:01,305 - bert-p-tuing - INFO - [Epoch 46/50] Iteration 35600 -> Train Loss: 0.5799, Train Accuracy: 0.764
2022-07-12 17:36:30,008 - bert-p-tuing - INFO - ---------------------------------------------------------
2022-07-12 17:36:34,041 - bert-p-tuing - INFO - [Epoch 46/50] Validatation Accuracy:0.6913333333333334
2022-07-12 17:36:34,043 - bert-p-tuing - INFO - ---------------------------------------------------------
2022-07-12 17:36:34,043 - bert-p-tuing - INFO - === 처리시간: 4.035 초 ===
2022-07-12 17:36:34,044 - bert-p-tuing - INFO - -END-

2022-07-12 17:36:36,543 - bert-p-tuing - INFO - [Epoch 47/50] Iteration 36000 -> Train Loss: 0.5648, Train Accuracy: 0.768
2022-07-12 17:37:07,100 - bert-p-tuing - INFO - [Epoch 47/50] Iteration 36400 -> Train Loss: 0.5745, Train Accuracy: 0.764
2022-07-12 17:37:34,454 - bert-p-tuing - INFO - ---------------------------------------------------------
2022-07-12 17:37:38,505 - bert-p-tuing - INFO - [Epoch 47/50] Validatation Accuracy:0.6886666666666666
2022-07-12 17:37:38,507 - bert-p-tuing - INFO - ---------------------------------------------------------
2022-07-12 17:37:38,507 - bert-p-tuing - INFO - === 처리시간: 4.053 초 ===
2022-07-12 17:37:38,508 - bert-p-tuing - INFO - -END-

2022-07-12 17:37:42,454 - bert-p-tuing - INFO - [Epoch 48/50] Iteration 36800 -> Train Loss: 0.5697, Train Accuracy: 0.771
2022-07-12 17:38:13,088 - bert-p-tuing - INFO - [Epoch 48/50] Iteration 37200 -> Train Loss: 0.5690, Train Accuracy: 0.772
2022-07-12 17:38:39,157 - bert-p-tuing - INFO - ---------------------------------------------------------
2022-07-12 17:38:43,201 - bert-p-tuing - INFO - [Epoch 48/50] Validatation Accuracy:0.691
2022-07-12 17:38:43,202 - bert-p-tuing - INFO - ---------------------------------------------------------
2022-07-12 17:38:43,203 - bert-p-tuing - INFO - === 처리시간: 4.046 초 ===
2022-07-12 17:38:43,204 - bert-p-tuing - INFO - -END-

2022-07-12 17:38:48,613 - bert-p-tuing - INFO - [Epoch 49/50] Iteration 37600 -> Train Loss: 0.5726, Train Accuracy: 0.765
2022-07-12 17:39:19,327 - bert-p-tuing - INFO - [Epoch 49/50] Iteration 38000 -> Train Loss: 0.5765, Train Accuracy: 0.768
2022-07-12 17:39:43,781 - bert-p-tuing - INFO - ---------------------------------------------------------
2022-07-12 17:39:47,783 - bert-p-tuing - INFO - [Epoch 49/50] Validatation Accuracy:0.6933333333333334
2022-07-12 17:39:47,784 - bert-p-tuing - INFO - ---------------------------------------------------------
2022-07-12 17:39:47,785 - bert-p-tuing - INFO - === 처리시간: 4.004 초 ===
2022-07-12 17:39:47,786 - bert-p-tuing - INFO - -END-

2022-07-12 17:39:54,394 - bert-p-tuing - INFO - [Epoch 50/50] Iteration 38400 -> Train Loss: 0.5571, Train Accuracy: 0.773
2022-07-12 17:40:25,525 - bert-p-tuing - INFO - [Epoch 50/50] Iteration 38800 -> Train Loss: 0.5679, Train Accuracy: 0.762
2022-07-12 17:40:48,802 - bert-p-tuing - INFO - ---------------------------------------------------------
2022-07-12 17:40:53,021 - bert-p-tuing - INFO - [Epoch 50/50] Validatation Accuracy:0.6926666666666667
2022-07-12 17:40:53,023 - bert-p-tuing - INFO - ---------------------------------------------------------
2022-07-12 17:40:53,024 - bert-p-tuing - INFO - === 처리시간: 4.222 초 ===
2022-07-12 17:40:53,025 - bert-p-tuing - INFO - -END-

